ERROR: Unable to locate a modulefile for 'slurm'
gnode04
/home/3199302/.conda/envs/mstemba/bin/python
MYID=3199302
usage: MSTemba_main.py [-h] [-mode MODE] [-train TRAIN] [-backbone BACKBONE]
                       [-comp_info COMP_INFO] [-gpu GPU] [-dataset DATASET]
                       [-rgb_root RGB_ROOT] [-flow_root FLOW_ROOT]
                       [-type TYPE] [-epochs EPOCHS] [-model MODEL]
                       [-load_model LOAD_MODEL] [-batch_size BATCH_SIZE]
                       [-num_clips NUM_CLIPS] [-skip SKIP]
                       [-num_layer NUM_LAYER] [-unisize UNISIZE]
                       [-alpha_l ALPHA_L] [-beta_l BETA_L]
                       [-output_dir OUTPUT_DIR]
                       [--fuser {sum,weighted,token-attention,cross-token-attention,attention}]
                       [--causal]
                       [--causal_consistency_loss_weight CAUSAL_CONSISTENCY_LOSS_WEIGHT]
                       [--causal_consistency_margin CAUSAL_CONSISTENCY_MARGIN]
                       [--model MODEL] [--model-ema] [--no-model-ema]
                       [--model-ema-decay MODEL_EMA_DECAY]
                       [--model-ema-force-cpu] [--drop PCT] [--drop-path PCT]
                       [--opt OPTIMIZER] [--opt-eps EPSILON]
                       [--opt-betas BETA [BETA ...]] [--clip-grad NORM]
                       [--momentum M] [--weight-decay WEIGHT_DECAY]
                       [--sched SCHEDULER] [--lr LR]
                       [--lr-noise pct, pct [pct, pct ...]]
                       [--lr-noise-pct PERCENT] [--lr-noise-std STDDEV]
                       [--warmup-lr LR] [--min-lr LR] [--decay-epochs N]
                       [--warmup-epochs N] [--cooldown-epochs N]
                       [--patience-epochs N] [--decay-rate RATE]
                       [--num_workers N] [-weights WEIGHTS]
MSTemba_main.py: error: unrecognized arguments:  
/var/spool/slurmd/job488177/slurm_script: line 44: -comp_info: command not found
/var/spool/slurmd/job488177/slurm_script: line 53: --causal_consistency_margin: command not found
/var/spool/slurmd/job488177/slurm_script: line 55: --drop-path: command not found
/var/spool/slurmd/job488177/slurm_script: line 56: --weight-decay: command not found
/var/spool/slurmd/job488177/slurm_script: line 57: --clip-grad: command not found
/var/spool/slurmd/job488177/slurm_script: line 58: --warmup-epochs: command not found
/var/spool/slurmd/job488177/slurm_script: line 59: --min-lr: command not found
Causal training done.
=====================
Evaluation...
chunk_size=1
[2026-05-04T15:17:42.399] error: *** JOB 488177 ON gnode04 CANCELLED AT 2026-05-04T15:17:42 DUE to SIGNAL Terminated ***
