--- Processing P02T01C07 ---
[Init] Loading weights from pytorch-i3d/models/rgb_charades.pt
[Init] Found 1 video folders in /mnt/beegfsstudents/home/3199302/datasets/RGB/Videos_frames

[Run] Starting video P02T01C07 (1/1)
[Run] Video P02T01C07: 17093 frames -> 1068 segments (size 16)
[Run] Finished P02T01C07. Extracted 1068 tokens. Final saved shape: (2500, 1024)
[Cleanup] Deleting frames directory: /mnt/beegfsstudents/home/3199302/datasets/RGB/Videos_frames/P02T01C07
[Cleanup] Deleting video file: /mnt/beegfsstudents/home/3199302/datasets/RGB/Videos_mp4/P02T01C07.mp4
--- Finished P02T01C07 ---
--- Processing P02T02C03 ---
[Init] Loading weights from pytorch-i3d/models/rgb_charades.pt
[Init] Found 1 video folders in /mnt/beegfsstudents/home/3199302/datasets/RGB/Videos_frames

[Run] Starting video P02T02C03 (1/1)
[Run] Video P02T02C03: 21473 frames -> 1342 segments (size 16)
[Run] Finished P02T02C03. Extracted 1342 tokens. Final saved shape: (2500, 1024)
[Cleanup] Deleting frames directory: /mnt/beegfsstudents/home/3199302/datasets/RGB/Videos_frames/P02T02C03
[Cleanup] Deleting video file: /mnt/beegfsstudents/home/3199302/datasets/RGB/Videos_mp4/P02T02C03.mp4
--- Finished P02T02C03 ---
--- Processing P02T04C05 ---
[Init] Loading weights from pytorch-i3d/models/rgb_charades.pt
[Init] Found 1 video folders in /mnt/beegfsstudents/home/3199302/datasets/RGB/Videos_frames

[Run] Starting video P02T04C05 (1/1)
[Run] Video P02T04C05: 21162 frames -> 1322 segments (size 16)
[Run] Finished P02T04C05. Extracted 1322 tokens. Final saved shape: (2500, 1024)
[Cleanup] Deleting frames directory: /mnt/beegfsstudents/home/3199302/datasets/RGB/Videos_frames/P02T04C05
[Cleanup] Deleting video file: /mnt/beegfsstudents/home/3199302/datasets/RGB/Videos_mp4/P02T04C05.mp4
--- Finished P02T04C05 ---
--- Processing P02T05C05 ---
[Init] Loading weights from pytorch-i3d/models/rgb_charades.pt
[Init] Found 1 video folders in /mnt/beegfsstudents/home/3199302/datasets/RGB/Videos_frames

[Run] Starting video P02T05C05 (1/1)
[Run] Video P02T05C05: 21789 frames -> 1361 segments (size 16)
[Run] Finished P02T05C05. Extracted 1361 tokens. Final saved shape: (2500, 1024)
[Cleanup] Deleting frames directory: /mnt/beegfsstudents/home/3199302/datasets/RGB/Videos_frames/P02T05C05
[Cleanup] Deleting video file: /mnt/beegfsstudents/home/3199302/datasets/RGB/Videos_mp4/P02T05C05.mp4
--- Finished P02T05C05 ---
--- Processing P02T07C04 ---
[Init] Loading weights from pytorch-i3d/models/rgb_charades.pt
[Init] Found 1 video folders in /mnt/beegfsstudents/home/3199302/datasets/RGB/Videos_frames

[Run] Starting video P02T07C04 (1/1)
[Run] Video P02T07C04: 22626 frames -> 1414 segments (size 16)
[Run] Finished P02T07C04. Extracted 1414 tokens. Final saved shape: (2500, 1024)
[Cleanup] Deleting frames directory: /mnt/beegfsstudents/home/3199302/datasets/RGB/Videos_frames/P02T07C04
[Cleanup] Deleting video file: /mnt/beegfsstudents/home/3199302/datasets/RGB/Videos_mp4/P02T07C04.mp4
--- Finished P02T07C04 ---
--- Processing P02T08C04 ---
[Init] Loading weights from pytorch-i3d/models/rgb_charades.pt
[Init] Found 1 video folders in /mnt/beegfsstudents/home/3199302/datasets/RGB/Videos_frames

[Run] Starting video P02T08C04 (1/1)
[Run] Video P02T08C04: 26423 frames -> 1651 segments (size 16)
[Run] Finished P02T08C04. Extracted 1651 tokens. Final saved shape: (2500, 1024)
[Cleanup] Deleting frames directory: /mnt/beegfsstudents/home/3199302/datasets/RGB/Videos_frames/P02T08C04
[Cleanup] Deleting video file: /mnt/beegfsstudents/home/3199302/datasets/RGB/Videos_mp4/P02T08C04.mp4
--- Finished P02T08C04 ---
--- Processing P02T14C06 ---
[Init] Loading weights from pytorch-i3d/models/rgb_charades.pt
[Init] Found 1 video folders in /mnt/beegfsstudents/home/3199302/datasets/RGB/Videos_frames

[Run] Starting video P02T14C06 (1/1)
[Run] Video P02T14C06: 22601 frames -> 1412 segments (size 16)
[Run] Finished P02T14C06. Extracted 1412 tokens. Final saved shape: (2500, 1024)
[Cleanup] Deleting frames directory: /mnt/beegfsstudents/home/3199302/datasets/RGB/Videos_frames/P02T14C06
[Cleanup] Deleting video file: /mnt/beegfsstudents/home/3199302/datasets/RGB/Videos_mp4/P02T14C06.mp4
--- Finished P02T14C06 ---
--- Processing P02T15C06 ---
[Init] Loading weights from pytorch-i3d/models/rgb_charades.pt
[Init] Found 1 video folders in /mnt/beegfsstudents/home/3199302/datasets/RGB/Videos_frames

[Run] Starting video P02T15C06 (1/1)
[Run] Video P02T15C06: 22027 frames -> 1376 segments (size 16)
[Run] Finished P02T15C06. Extracted 1376 tokens. Final saved shape: (2500, 1024)
[Cleanup] Deleting frames directory: /mnt/beegfsstudents/home/3199302/datasets/RGB/Videos_frames/P02T15C06
[Cleanup] Deleting video file: /mnt/beegfsstudents/home/3199302/datasets/RGB/Videos_mp4/P02T15C06.mp4
--- Finished P02T15C06 ---
--- Processing P02T16C06 ---
[Init] Loading weights from pytorch-i3d/models/rgb_charades.pt
[Init] Found 1 video folders in /mnt/beegfsstudents/home/3199302/datasets/RGB/Videos_frames

[Run] Starting video P02T16C06 (1/1)
[Run] Video P02T16C06: 9445 frames -> 590 segments (size 16)
[Run] Finished P02T16C06. Extracted 590 tokens. Final saved shape: (2500, 1024)
[Cleanup] Deleting frames directory: /mnt/beegfsstudents/home/3199302/datasets/RGB/Videos_frames/P02T16C06
[Cleanup] Deleting video file: /mnt/beegfsstudents/home/3199302/datasets/RGB/Videos_mp4/P02T16C06.mp4
--- Finished P02T16C06 ---
--- Processing P03T01C05 ---
[Init] Loading weights from pytorch-i3d/models/rgb_charades.pt
[Init] Found 1 video folders in /mnt/beegfsstudents/home/3199302/datasets/RGB/Videos_frames

[Run] Starting video P03T01C05 (1/1)
[Run] Video P03T01C05: 23110 frames -> 1444 segments (size 16)
[Run] Finished P03T01C05. Extracted 1444 tokens. Final saved shape: (2500, 1024)
[Cleanup] Deleting frames directory: /mnt/beegfsstudents/home/3199302/datasets/RGB/Videos_frames/P03T01C05
[Cleanup] Deleting video file: /mnt/beegfsstudents/home/3199302/datasets/RGB/Videos_mp4/P03T01C05.mp4
--- Finished P03T01C05 ---
--- Processing P03T03C04 ---
[Init] Loading weights from pytorch-i3d/models/rgb_charades.pt
[Init] Found 1 video folders in /mnt/beegfsstudents/home/3199302/datasets/RGB/Videos_frames

[Run] Starting video P03T03C04 (1/1)
[Run] Video P03T03C04: 23206 frames -> 1450 segments (size 16)
[Run] Finished P03T03C04. Extracted 1450 tokens. Final saved shape: (2500, 1024)
[Cleanup] Deleting frames directory: /mnt/beegfsstudents/home/3199302/datasets/RGB/Videos_frames/P03T03C04
[Cleanup] Deleting video file: /mnt/beegfsstudents/home/3199302/datasets/RGB/Videos_mp4/P03T03C04.mp4
--- Finished P03T03C04 ---
--- Processing P03T03C05 ---
[Init] Loading weights from pytorch-i3d/models/rgb_charades.pt
[Init] Found 1 video folders in /mnt/beegfsstudents/home/3199302/datasets/RGB/Videos_frames

[Run] Starting video P03T03C05 (1/1)
[Run] Video P03T03C05: 23224 frames -> 1451 segments (size 16)
[Run] Finished P03T03C05. Extracted 1451 tokens. Final saved shape: (2500, 1024)
[Cleanup] Deleting frames directory: /mnt/beegfsstudents/home/3199302/datasets/RGB/Videos_frames/P03T03C05
[Cleanup] Deleting video file: /mnt/beegfsstudents/home/3199302/datasets/RGB/Videos_mp4/P03T03C05.mp4
--- Finished P03T03C05 ---
--- Processing P03T04C04 ---
[Init] Loading weights from pytorch-i3d/models/rgb_charades.pt
[Init] Found 1 video folders in /mnt/beegfsstudents/home/3199302/datasets/RGB/Videos_frames

[Run] Starting video P03T04C04 (1/1)
[Run] Video P03T04C04: 25245 frames -> 1577 segments (size 16)
[Run] Finished P03T04C04. Extracted 1577 tokens. Final saved shape: (2500, 1024)
[Cleanup] Deleting frames directory: /mnt/beegfsstudents/home/3199302/datasets/RGB/Videos_frames/P03T04C04
[Cleanup] Deleting video file: /mnt/beegfsstudents/home/3199302/datasets/RGB/Videos_mp4/P03T04C04.mp4
--- Finished P03T04C04 ---
--- Processing P03T05C04 ---
[Init] Loading weights from pytorch-i3d/models/rgb_charades.pt
[Init] Found 1 video folders in /mnt/beegfsstudents/home/3199302/datasets/RGB/Videos_frames

[Run] Starting video P03T05C04 (1/1)
[Run] Video P03T05C04: 9364 frames -> 585 segments (size 16)
[Run] Finished P03T05C04. Extracted 585 tokens. Final saved shape: (2500, 1024)
[Cleanup] Deleting frames directory: /mnt/beegfsstudents/home/3199302/datasets/RGB/Videos_frames/P03T05C04
[Cleanup] Deleting video file: /mnt/beegfsstudents/home/3199302/datasets/RGB/Videos_mp4/P03T05C04.mp4
--- Finished P03T05C04 ---
--- Processing P03T08C04 ---
[Init] Loading weights from pytorch-i3d/models/rgb_charades.pt
[Init] Found 1 video folders in /mnt/beegfsstudents/home/3199302/datasets/RGB/Videos_frames

[Run] Starting video P03T08C04 (1/1)
[Run] Video P03T08C04: 12811 frames -> 800 segments (size 16)
[Run] Finished P03T08C04. Extracted 800 tokens. Final saved shape: (2500, 1024)
[Cleanup] Deleting frames directory: /mnt/beegfsstudents/home/3199302/datasets/RGB/Videos_frames/P03T08C04
[Cleanup] Deleting video file: /mnt/beegfsstudents/home/3199302/datasets/RGB/Videos_mp4/P03T08C04.mp4
--- Finished P03T08C04 ---
--- Processing P03T10C01 ---
[Init] Loading weights from pytorch-i3d/models/rgb_charades.pt
[Init] Found 1 video folders in /mnt/beegfsstudents/home/3199302/datasets/RGB/Videos_frames

[Run] Starting video P03T10C01 (1/1)
[Run] Video P03T10C01: 7479 frames -> 467 segments (size 16)
[Run] Finished P03T10C01. Extracted 467 tokens. Final saved shape: (2500, 1024)
[Cleanup] Deleting frames directory: /mnt/beegfsstudents/home/3199302/datasets/RGB/Videos_frames/P03T10C01
[Cleanup] Deleting video file: /mnt/beegfsstudents/home/3199302/datasets/RGB/Videos_mp4/P03T10C01.mp4
--- Finished P03T10C01 ---
--- Processing P03T12C02 ---
[2026-04-27T18:00:03.062] error: *** JOB 483767 ON gnode02 CANCELLED AT 2026-04-27T18:00:03 DUE to SIGNAL Terminated ***
