--- Processing P02T01C06 ---
[Init] Loading weights from pytorch-i3d/models/rgb_charades.pt
[Init] Found 1 video folders in /mnt/beegfsstudents/home/3199302/datasets/RGB/Videos_frames/batch_P02T01C06

[Run] Starting video P02T01C06 (1/1)
[Run] Video P02T01C06: 17058 frames -> 1066 segments (size 16)
[Run] Finished P02T01C06. Extracted 1066 tokens. Final saved shape: (1066, 1024)
[Cleanup] Successfully generated features. Cleaning up P02T01C06...
--- Finished P02T01C06 ---
--- Processing P02T01C07 ---
[Init] Loading weights from pytorch-i3d/models/rgb_charades.pt
[Init] Found 1 video folders in /mnt/beegfsstudents/home/3199302/datasets/RGB/Videos_frames/batch_P02T01C07

[Run] Starting video P02T01C07 (1/1)
[Run] Video P02T01C07: 17093 frames -> 1068 segments (size 16)
[Run] Finished P02T01C07. Extracted 1068 tokens. Final saved shape: (1068, 1024)
[Cleanup] Successfully generated features. Cleaning up P02T01C07...
--- Finished P02T01C07 ---
--- Processing P02T02C03 ---
[Init] Loading weights from pytorch-i3d/models/rgb_charades.pt
[Init] Found 1 video folders in /mnt/beegfsstudents/home/3199302/datasets/RGB/Videos_frames/batch_P02T02C03

[Run] Starting video P02T02C03 (1/1)
[Run] Video P02T02C03: 21473 frames -> 1342 segments (size 16)
[Run] Finished P02T02C03. Extracted 1342 tokens. Final saved shape: (1342, 1024)
[Cleanup] Successfully generated features. Cleaning up P02T02C03...
--- Finished P02T02C03 ---
--- Processing P02T02C06 ---
[Init] Loading weights from pytorch-i3d/models/rgb_charades.pt
[Init] Found 1 video folders in /mnt/beegfsstudents/home/3199302/datasets/RGB/Videos_frames/batch_P02T02C06

[Run] Starting video P02T02C06 (1/1)
[Run] Video P02T02C06: 705 frames -> 44 segments (size 16)
[Run] Finished P02T02C06. Extracted 44 tokens. Final saved shape: (44, 1024)
[Cleanup] Successfully generated features. Cleaning up P02T02C06...
--- Finished P02T02C06 ---
--- Processing P02T02C07 ---
[Init] Loading weights from pytorch-i3d/models/rgb_charades.pt
[Init] Found 1 video folders in /mnt/beegfsstudents/home/3199302/datasets/RGB/Videos_frames/batch_P02T02C07

[Run] Starting video P02T02C07 (1/1)
[Run] Video P02T02C07: 21459 frames -> 1341 segments (size 16)
[Run] Finished P02T02C07. Extracted 1341 tokens. Final saved shape: (1341, 1024)
[Cleanup] Successfully generated features. Cleaning up P02T02C07...
--- Finished P02T02C07 ---
--- Processing P02T03C03 ---
[Init] Loading weights from pytorch-i3d/models/rgb_charades.pt
[Init] Found 1 video folders in /mnt/beegfsstudents/home/3199302/datasets/RGB/Videos_frames/batch_P02T03C03

[Run] Starting video P02T03C03 (1/1)
[Run] Video P02T03C03: 737 frames -> 46 segments (size 16)
[Run] Finished P02T03C03. Extracted 46 tokens. Final saved shape: (46, 1024)
[Cleanup] Successfully generated features. Cleaning up P02T03C03...
--- Finished P02T03C03 ---
--- Processing P02T03C07 ---
[Init] Loading weights from pytorch-i3d/models/rgb_charades.pt
[Init] Found 1 video folders in /mnt/beegfsstudents/home/3199302/datasets/RGB/Videos_frames/batch_P02T03C07

[Run] Starting video P02T03C07 (1/1)
[Run] Video P02T03C07: 736 frames -> 46 segments (size 16)
[Run] Finished P02T03C07. Extracted 46 tokens. Final saved shape: (46, 1024)
[Cleanup] Successfully generated features. Cleaning up P02T03C07...
--- Finished P02T03C07 ---
--- Processing P02T04C04 ---
[Init] Loading weights from pytorch-i3d/models/rgb_charades.pt
[Init] Found 1 video folders in /mnt/beegfsstudents/home/3199302/datasets/RGB/Videos_frames/batch_P02T04C04

[Run] Starting video P02T04C04 (1/1)
[Run] Video P02T04C04: 21194 frames -> 1324 segments (size 16)
[Run] Finished P02T04C04. Extracted 1324 tokens. Final saved shape: (1324, 1024)
[Cleanup] Successfully generated features. Cleaning up P02T04C04...
--- Finished P02T04C04 ---
--- Processing P02T04C05 ---
[Init] Loading weights from pytorch-i3d/models/rgb_charades.pt
[Init] Found 1 video folders in /mnt/beegfsstudents/home/3199302/datasets/RGB/Videos_frames/batch_P02T04C05

[Run] Starting video P02T04C05 (1/1)
[Run] Video P02T04C05: 21162 frames -> 1322 segments (size 16)
[Run] Finished P02T04C05. Extracted 1322 tokens. Final saved shape: (1322, 1024)
[Cleanup] Successfully generated features. Cleaning up P02T04C05...
--- Finished P02T04C05 ---
--- Processing P02T05C04 ---
[Init] Loading weights from pytorch-i3d/models/rgb_charades.pt
[Init] Found 1 video folders in /mnt/beegfsstudents/home/3199302/datasets/RGB/Videos_frames/batch_P02T05C04

[Run] Starting video P02T05C04 (1/1)
[Run] Video P02T05C04: 21807 frames -> 1362 segments (size 16)
[Run] Finished P02T05C04. Extracted 1362 tokens. Final saved shape: (1362, 1024)
[Cleanup] Successfully generated features. Cleaning up P02T05C04...
--- Finished P02T05C04 ---
--- Processing P02T05C05 ---
[Init] Loading weights from pytorch-i3d/models/rgb_charades.pt
[Init] Found 1 video folders in /mnt/beegfsstudents/home/3199302/datasets/RGB/Videos_frames/batch_P02T05C05

[Run] Starting video P02T05C05 (1/1)
[Run] Video P02T05C05: 21789 frames -> 1361 segments (size 16)
[Run] Finished P02T05C05. Extracted 1361 tokens. Final saved shape: (1361, 1024)
[Cleanup] Successfully generated features. Cleaning up P02T05C05...
--- Finished P02T05C05 ---
--- Processing P02T06C05 ---
[Init] Loading weights from pytorch-i3d/models/rgb_charades.pt
[Init] Found 1 video folders in /mnt/beegfsstudents/home/3199302/datasets/RGB/Videos_frames/batch_P02T06C05

[Run] Starting video P02T06C05 (1/1)
[Run] Video P02T06C05: 21415 frames -> 1338 segments (size 16)
[Run] Finished P02T06C05. Extracted 1338 tokens. Final saved shape: (1338, 1024)
[Cleanup] Successfully generated features. Cleaning up P02T06C05...
--- Finished P02T06C05 ---
--- Processing P02T07C04 ---
[Init] Loading weights from pytorch-i3d/models/rgb_charades.pt
[Init] Found 1 video folders in /mnt/beegfsstudents/home/3199302/datasets/RGB/Videos_frames/batch_P02T07C04

[Run] Starting video P02T07C04 (1/1)
[Run] Video P02T07C04: 22626 frames -> 1414 segments (size 16)
[Run] Finished P02T07C04. Extracted 1414 tokens. Final saved shape: (1414, 1024)
[Cleanup] Successfully generated features. Cleaning up P02T07C04...
--- Finished P02T07C04 ---
--- Processing P02T07C05 ---
[Init] Loading weights from pytorch-i3d/models/rgb_charades.pt
[Init] Found 1 video folders in /mnt/beegfsstudents/home/3199302/datasets/RGB/Videos_frames/batch_P02T07C05

[Run] Starting video P02T07C05 (1/1)
[Run] Video P02T07C05: 22606 frames -> 1412 segments (size 16)
[Run] Finished P02T07C05. Extracted 1412 tokens. Final saved shape: (1412, 1024)
[Cleanup] Successfully generated features. Cleaning up P02T07C05...
--- Finished P02T07C05 ---
--- Processing P02T08C04 ---
[Init] Loading weights from pytorch-i3d/models/rgb_charades.pt
[Init] Found 1 video folders in /mnt/beegfsstudents/home/3199302/datasets/RGB/Videos_frames/batch_P02T08C04

[Run] Starting video P02T08C04 (1/1)
[Run] Video P02T08C04: 26423 frames -> 1651 segments (size 16)
[Run] Finished P02T08C04. Extracted 1651 tokens. Final saved shape: (1651, 1024)
[Cleanup] Successfully generated features. Cleaning up P02T08C04...
--- Finished P02T08C04 ---
--- Processing P02T08C05 ---
[Init] Loading weights from pytorch-i3d/models/rgb_charades.pt
[Init] Found 1 video folders in /mnt/beegfsstudents/home/3199302/datasets/RGB/Videos_frames/batch_P02T08C05

[Run] Starting video P02T08C05 (1/1)
[Run] Video P02T08C05: 26406 frames -> 1650 segments (size 16)
[Run] Finished P02T08C05. Extracted 1650 tokens. Final saved shape: (1650, 1024)
[Cleanup] Successfully generated features. Cleaning up P02T08C05...
--- Finished P02T08C05 ---
--- Processing P02T09C05 ---
[Init] Loading weights from pytorch-i3d/models/rgb_charades.pt
[Init] Found 1 video folders in /mnt/beegfsstudents/home/3199302/datasets/RGB/Videos_frames/batch_P02T09C05

[Run] Starting video P02T09C05 (1/1)
[Run] Video P02T09C05: 24532 frames -> 1533 segments (size 16)
[Run] Finished P02T09C05. Extracted 1533 tokens. Final saved shape: (1533, 1024)
[Cleanup] Successfully generated features. Cleaning up P02T09C05...
--- Finished P02T09C05 ---
--- Processing P02T10C06 ---
[Init] Loading weights from pytorch-i3d/models/rgb_charades.pt
[Init] Found 1 video folders in /mnt/beegfsstudents/home/3199302/datasets/RGB/Videos_frames/batch_P02T10C06

[Run] Starting video P02T10C06 (1/1)
[Run] Video P02T10C06: 4843 frames -> 302 segments (size 16)
[Run] Finished P02T10C06. Extracted 302 tokens. Final saved shape: (302, 1024)
[Cleanup] Successfully generated features. Cleaning up P02T10C06...
--- Finished P02T10C06 ---
--- Processing P02T11C01 ---
[Init] Loading weights from pytorch-i3d/models/rgb_charades.pt
[Init] Found 1 video folders in /mnt/beegfsstudents/home/3199302/datasets/RGB/Videos_frames/batch_P02T11C01

[Run] Starting video P02T11C01 (1/1)
[Run] Video P02T11C01: 21768 frames -> 1360 segments (size 16)
[Run] Finished P02T11C01. Extracted 1360 tokens. Final saved shape: (1360, 1024)
[Cleanup] Successfully generated features. Cleaning up P02T11C01...
--- Finished P02T11C01 ---
--- Processing P02T11C02 ---
[Init] Loading weights from pytorch-i3d/models/rgb_charades.pt
[Init] Found 1 video folders in /mnt/beegfsstudents/home/3199302/datasets/RGB/Videos_frames/batch_P02T11C02

[Run] Starting video P02T11C02 (1/1)
[Run] Video P02T11C02: 21756 frames -> 1359 segments (size 16)
[Run] Finished P02T11C02. Extracted 1359 tokens. Final saved shape: (1359, 1024)
[Cleanup] Successfully generated features. Cleaning up P02T11C02...
--- Finished P02T11C02 ---
--- Processing P02T12C02 ---
[Init] Loading weights from pytorch-i3d/models/rgb_charades.pt
[Init] Found 1 video folders in /mnt/beegfsstudents/home/3199302/datasets/RGB/Videos_frames/batch_P02T12C02

[Run] Starting video P02T12C02 (1/1)
[Run] Video P02T12C02: 25179 frames -> 1573 segments (size 16)
[Run] Finished P02T12C02. Extracted 1573 tokens. Final saved shape: (1573, 1024)
[Cleanup] Successfully generated features. Cleaning up P02T12C02...
--- Finished P02T12C02 ---
--- Processing P02T13C06 ---
[Init] Loading weights from pytorch-i3d/models/rgb_charades.pt
[Init] Found 1 video folders in /mnt/beegfsstudents/home/3199302/datasets/RGB/Videos_frames/batch_P02T13C06

[Run] Starting video P02T13C06 (1/1)
[Run] Video P02T13C06: 17033 frames -> 1064 segments (size 16)
[Run] Finished P02T13C06. Extracted 1064 tokens. Final saved shape: (1064, 1024)
[Cleanup] Successfully generated features. Cleaning up P02T13C06...
--- Finished P02T13C06 ---
--- Processing P02T14C03 ---
[Init] Loading weights from pytorch-i3d/models/rgb_charades.pt
[Init] Found 1 video folders in /mnt/beegfsstudents/home/3199302/datasets/RGB/Videos_frames/batch_P02T14C03

[Run] Starting video P02T14C03 (1/1)
[Run] Video P02T14C03: 22642 frames -> 1415 segments (size 16)
[Run] Finished P02T14C03. Extracted 1415 tokens. Final saved shape: (1415, 1024)
[Cleanup] Successfully generated features. Cleaning up P02T14C03...
--- Finished P02T14C03 ---
--- Processing P02T14C06 ---
[Init] Loading weights from pytorch-i3d/models/rgb_charades.pt
[Init] Found 1 video folders in /mnt/beegfsstudents/home/3199302/datasets/RGB/Videos_frames/batch_P02T14C06

[Run] Starting video P02T14C06 (1/1)
[Run] Video P02T14C06: 22601 frames -> 1412 segments (size 16)
[Run] Finished P02T14C06. Extracted 1412 tokens. Final saved shape: (1412, 1024)
[Cleanup] Successfully generated features. Cleaning up P02T14C06...
--- Finished P02T14C06 ---
--- Processing P02T15C06 ---
[Init] Loading weights from pytorch-i3d/models/rgb_charades.pt
[Init] Found 1 video folders in /mnt/beegfsstudents/home/3199302/datasets/RGB/Videos_frames/batch_P02T15C06

[Run] Starting video P02T15C06 (1/1)
[Run] Video P02T15C06: 22027 frames -> 1376 segments (size 16)
[Run] Finished P02T15C06. Extracted 1376 tokens. Final saved shape: (1376, 1024)
[Cleanup] Successfully generated features. Cleaning up P02T15C06...
--- Finished P02T15C06 ---
--- Processing P02T16C06 ---
[Init] Loading weights from pytorch-i3d/models/rgb_charades.pt
[Init] Found 1 video folders in /mnt/beegfsstudents/home/3199302/datasets/RGB/Videos_frames/batch_P02T16C06

[Run] Starting video P02T16C06 (1/1)
[Run] Video P02T16C06: 9445 frames -> 590 segments (size 16)
[Run] Finished P02T16C06. Extracted 590 tokens. Final saved shape: (590, 1024)
[Cleanup] Successfully generated features. Cleaning up P02T16C06...
--- Finished P02T16C06 ---
--- Processing P02T17C05 ---
[Init] Loading weights from pytorch-i3d/models/rgb_charades.pt
[Init] Found 1 video folders in /mnt/beegfsstudents/home/3199302/datasets/RGB/Videos_frames/batch_P02T17C05

[Run] Starting video P02T17C05 (1/1)
[Run] Video P02T17C05: 18164 frames -> 1135 segments (size 16)
[Run] Finished P02T17C05. Extracted 1135 tokens. Final saved shape: (1135, 1024)
[Cleanup] Successfully generated features. Cleaning up P02T17C05...
--- Finished P02T17C05 ---
--- Processing P02T18C05 ---
[Init] Loading weights from pytorch-i3d/models/rgb_charades.pt
[Init] Found 1 video folders in /mnt/beegfsstudents/home/3199302/datasets/RGB/Videos_frames/batch_P02T18C05

[Run] Starting video P02T18C05 (1/1)
[Run] Video P02T18C05: 19147 frames -> 1196 segments (size 16)
[Run] Finished P02T18C05. Extracted 1196 tokens. Final saved shape: (1196, 1024)
[Cleanup] Successfully generated features. Cleaning up P02T18C05...
--- Finished P02T18C05 ---
--- Processing P03T01C05 ---
[Init] Loading weights from pytorch-i3d/models/rgb_charades.pt
[Init] Found 1 video folders in /mnt/beegfsstudents/home/3199302/datasets/RGB/Videos_frames/batch_P03T01C05

[Run] Starting video P03T01C05 (1/1)
[Run] Video P03T01C05: 23110 frames -> 1444 segments (size 16)
[Run] Finished P03T01C05. Extracted 1444 tokens. Final saved shape: (1444, 1024)
[Cleanup] Successfully generated features. Cleaning up P03T01C05...
--- Finished P03T01C05 ---
--- Processing P03T02C04 ---
[Init] Loading weights from pytorch-i3d/models/rgb_charades.pt
[Init] Found 1 video folders in /mnt/beegfsstudents/home/3199302/datasets/RGB/Videos_frames/batch_P03T02C04

[Run] Starting video P03T02C04 (1/1)
[Run] Video P03T02C04: 23512 frames -> 1469 segments (size 16)
[Run] Finished P03T02C04. Extracted 1469 tokens. Final saved shape: (1469, 1024)
[Cleanup] Successfully generated features. Cleaning up P03T02C04...
--- Finished P03T02C04 ---
--- Processing P03T02C05 ---
[Init] Loading weights from pytorch-i3d/models/rgb_charades.pt
[Init] Found 1 video folders in /mnt/beegfsstudents/home/3199302/datasets/RGB/Videos_frames/batch_P03T02C05

[Run] Starting video P03T02C05 (1/1)
[Run] Video P03T02C05: 23518 frames -> 1469 segments (size 16)
[Run] Finished P03T02C05. Extracted 1469 tokens. Final saved shape: (1469, 1024)
[Cleanup] Successfully generated features. Cleaning up P03T02C05...
--- Finished P03T02C05 ---
--- Processing P03T03C04 ---
[Init] Loading weights from pytorch-i3d/models/rgb_charades.pt
[Init] Found 1 video folders in /mnt/beegfsstudents/home/3199302/datasets/RGB/Videos_frames/batch_P03T03C04

[Run] Starting video P03T03C04 (1/1)
[Run] Video P03T03C04: 23206 frames -> 1450 segments (size 16)
[Run] Finished P03T03C04. Extracted 1450 tokens. Final saved shape: (1450, 1024)
[Cleanup] Successfully generated features. Cleaning up P03T03C04...
--- Finished P03T03C04 ---
--- Processing P03T03C05 ---
[Init] Loading weights from pytorch-i3d/models/rgb_charades.pt
[Init] Found 1 video folders in /mnt/beegfsstudents/home/3199302/datasets/RGB/Videos_frames/batch_P03T03C05

[Run] Starting video P03T03C05 (1/1)
[Run] Video P03T03C05: 23224 frames -> 1451 segments (size 16)
[Run] Finished P03T03C05. Extracted 1451 tokens. Final saved shape: (1451, 1024)
[Cleanup] Successfully generated features. Cleaning up P03T03C05...
--- Finished P03T03C05 ---
--- Processing P03T04C04 ---
[Init] Loading weights from pytorch-i3d/models/rgb_charades.pt
[Init] Found 1 video folders in /mnt/beegfsstudents/home/3199302/datasets/RGB/Videos_frames/batch_P03T04C04

[Run] Starting video P03T04C04 (1/1)
[Run] Video P03T04C04: 25245 frames -> 1577 segments (size 16)
[Run] Finished P03T04C04. Extracted 1577 tokens. Final saved shape: (1577, 1024)
[Cleanup] Successfully generated features. Cleaning up P03T04C04...
--- Finished P03T04C04 ---
--- Processing P03T04C05 ---
[Init] Loading weights from pytorch-i3d/models/rgb_charades.pt
[Init] Found 1 video folders in /mnt/beegfsstudents/home/3199302/datasets/RGB/Videos_frames/batch_P03T04C05

[Run] Starting video P03T04C05 (1/1)
[Run] Video P03T04C05: 25271 frames -> 1579 segments (size 16)
[Run] Finished P03T04C05. Extracted 1579 tokens. Final saved shape: (1579, 1024)
[Cleanup] Successfully generated features. Cleaning up P03T04C05...
--- Finished P03T04C05 ---
--- Processing P03T05C04 ---
[Init] Loading weights from pytorch-i3d/models/rgb_charades.pt
[Init] Found 1 video folders in /mnt/beegfsstudents/home/3199302/datasets/RGB/Videos_frames/batch_P03T05C04

[Run] Starting video P03T05C04 (1/1)
[Run] Video P03T05C04: 9364 frames -> 585 segments (size 16)
[Run] Finished P03T05C04. Extracted 585 tokens. Final saved shape: (585, 1024)
[Cleanup] Successfully generated features. Cleaning up P03T05C04...
--- Finished P03T05C04 ---
--- Processing P03T05C05 ---
[Init] Loading weights from pytorch-i3d/models/rgb_charades.pt
[Init] Found 1 video folders in /mnt/beegfsstudents/home/3199302/datasets/RGB/Videos_frames/batch_P03T05C05

[Run] Starting video P03T05C05 (1/1)
[Run] Video P03T05C05: 24780 frames -> 1548 segments (size 16)
[Run] Finished P03T05C05. Extracted 1548 tokens. Final saved shape: (1548, 1024)
[Cleanup] Successfully generated features. Cleaning up P03T05C05...
--- Finished P03T05C05 ---
--- Processing P03T06C04 ---
[Init] Loading weights from pytorch-i3d/models/rgb_charades.pt
[Init] Found 1 video folders in /mnt/beegfsstudents/home/3199302/datasets/RGB/Videos_frames/batch_P03T06C04

[Run] Starting video P03T06C04 (1/1)
[Run] Video P03T06C04: 23484 frames -> 1467 segments (size 16)
[Run] Finished P03T06C04. Extracted 1467 tokens. Final saved shape: (1467, 1024)
[Cleanup] Successfully generated features. Cleaning up P03T06C04...
--- Finished P03T06C04 ---
--- Processing P03T06C05 ---
[Init] Loading weights from pytorch-i3d/models/rgb_charades.pt
[Init] Found 1 video folders in /mnt/beegfsstudents/home/3199302/datasets/RGB/Videos_frames/batch_P03T06C05

[Run] Starting video P03T06C05 (1/1)
[Run] Video P03T06C05: 23505 frames -> 1469 segments (size 16)
[Run] Finished P03T06C05. Extracted 1469 tokens. Final saved shape: (1469, 1024)
[Cleanup] Successfully generated features. Cleaning up P03T06C05...
--- Finished P03T06C05 ---
--- Processing P03T07C04 ---
[Init] Loading weights from pytorch-i3d/models/rgb_charades.pt
[Init] Found 1 video folders in /mnt/beegfsstudents/home/3199302/datasets/RGB/Videos_frames/batch_P03T07C04

[Run] Starting video P03T07C04 (1/1)
[Run] Video P03T07C04: 25363 frames -> 1585 segments (size 16)
[Run] Finished P03T07C04. Extracted 1585 tokens. Final saved shape: (1585, 1024)
[Cleanup] Successfully generated features. Cleaning up P03T07C04...
--- Finished P03T07C04 ---
--- Processing P03T07C05 ---
[Init] Loading weights from pytorch-i3d/models/rgb_charades.pt
[Init] Found 1 video folders in /mnt/beegfsstudents/home/3199302/datasets/RGB/Videos_frames/batch_P03T07C05

[Run] Starting video P03T07C05 (1/1)
[Run] Video P03T07C05: 25374 frames -> 1585 segments (size 16)
[Run] Finished P03T07C05. Extracted 1585 tokens. Final saved shape: (1585, 1024)
[Cleanup] Successfully generated features. Cleaning up P03T07C05...
--- Finished P03T07C05 ---
--- Processing P03T08C04 ---
[Init] Loading weights from pytorch-i3d/models/rgb_charades.pt
[Init] Found 1 video folders in /mnt/beegfsstudents/home/3199302/datasets/RGB/Videos_frames/batch_P03T08C04

[Run] Starting video P03T08C04 (1/1)
[Run] Video P03T08C04: 12811 frames -> 800 segments (size 16)
[Run] Finished P03T08C04. Extracted 800 tokens. Final saved shape: (800, 1024)
[Cleanup] Successfully generated features. Cleaning up P03T08C04...
--- Finished P03T08C04 ---
--- Processing P03T08C05 ---
[Init] Loading weights from pytorch-i3d/models/rgb_charades.pt
[Init] Found 1 video folders in /mnt/beegfsstudents/home/3199302/datasets/RGB/Videos_frames/batch_P03T08C05

[Run] Starting video P03T08C05 (1/1)
[Run] Video P03T08C05: 25284 frames -> 1580 segments (size 16)
[Run] Finished P03T08C05. Extracted 1580 tokens. Final saved shape: (1580, 1024)
[Cleanup] Successfully generated features. Cleaning up P03T08C05...
--- Finished P03T08C05 ---
--- Processing P03T10C01 ---
[Init] Loading weights from pytorch-i3d/models/rgb_charades.pt
[Init] Found 1 video folders in /mnt/beegfsstudents/home/3199302/datasets/RGB/Videos_frames/batch_P03T10C01

[Run] Starting video P03T10C01 (1/1)
[Run] Video P03T10C01: 7479 frames -> 467 segments (size 16)
[Run] Finished P03T10C01. Extracted 467 tokens. Final saved shape: (467, 1024)
[Cleanup] Successfully generated features. Cleaning up P03T10C01...
--- Finished P03T10C01 ---
--- Processing P03T10C02 ---
[Init] Loading weights from pytorch-i3d/models/rgb_charades.pt
[Init] Found 1 video folders in /mnt/beegfsstudents/home/3199302/datasets/RGB/Videos_frames/batch_P03T10C02

[Run] Starting video P03T10C02 (1/1)
[Run] Video P03T10C02: 7457 frames -> 466 segments (size 16)
[Run] Finished P03T10C02. Extracted 466 tokens. Final saved shape: (466, 1024)
[Cleanup] Successfully generated features. Cleaning up P03T10C02...
--- Finished P03T10C02 ---
--- Processing P03T11C01 ---
[Init] Loading weights from pytorch-i3d/models/rgb_charades.pt
[Init] Found 1 video folders in /mnt/beegfsstudents/home/3199302/datasets/RGB/Videos_frames/batch_P03T11C01

[Run] Starting video P03T11C01 (1/1)
[Run] Video P03T11C01: 23316 frames -> 1457 segments (size 16)
[Run] Finished P03T11C01. Extracted 1457 tokens. Final saved shape: (1457, 1024)
[Cleanup] Successfully generated features. Cleaning up P03T11C01...
--- Finished P03T11C01 ---
--- Processing P03T11C02 ---
[Init] Loading weights from pytorch-i3d/models/rgb_charades.pt
[Init] Found 1 video folders in /mnt/beegfsstudents/home/3199302/datasets/RGB/Videos_frames/batch_P03T11C02

[Run] Starting video P03T11C02 (1/1)
[Run] Video P03T11C02: 23285 frames -> 1455 segments (size 16)
[Run] Finished P03T11C02. Extracted 1455 tokens. Final saved shape: (1455, 1024)
[Cleanup] Successfully generated features. Cleaning up P03T11C02...
--- Finished P03T11C02 ---
--- Processing P03T12C01 ---
[Init] Loading weights from pytorch-i3d/models/rgb_charades.pt
[Init] Found 1 video folders in /mnt/beegfsstudents/home/3199302/datasets/RGB/Videos_frames/batch_P03T12C01

[Run] Starting video P03T12C01 (1/1)
[Run] Video P03T12C01: 48519 frames -> 3032 segments (size 16)
[Run] Finished P03T12C01. Extracted 3032 tokens. Final saved shape: (3032, 1024)
[Cleanup] Successfully generated features. Cleaning up P03T12C01...
--- Finished P03T12C01 ---
--- Processing P03T12C02 ---
[Init] Loading weights from pytorch-i3d/models/rgb_charades.pt
[Init] Found 1 video folders in /mnt/beegfsstudents/home/3199302/datasets/RGB/Videos_frames/batch_P03T12C02

[Run] Starting video P03T12C02 (1/1)
[Run] Video P03T12C02: 24244 frames -> 1515 segments (size 16)
[Run] Finished P03T12C02. Extracted 1515 tokens. Final saved shape: (1515, 1024)
[Cleanup] Successfully generated features. Cleaning up P03T12C02...
--- Finished P03T12C02 ---
--- Processing P03T13C01 ---
[Init] Loading weights from pytorch-i3d/models/rgb_charades.pt
[Init] Found 1 video folders in /mnt/beegfsstudents/home/3199302/datasets/RGB/Videos_frames/batch_P03T13C01

[Run] Starting video P03T13C01 (1/1)
[Run] Video P03T13C01: 25428 frames -> 1589 segments (size 16)
[Run] Finished P03T13C01. Extracted 1589 tokens. Final saved shape: (1589, 1024)
[Cleanup] Successfully generated features. Cleaning up P03T13C01...
--- Finished P03T13C01 ---
--- Processing P03T13C02 ---
[Init] Loading weights from pytorch-i3d/models/rgb_charades.pt
[Init] Found 1 video folders in /mnt/beegfsstudents/home/3199302/datasets/RGB/Videos_frames/batch_P03T13C02

[Run] Starting video P03T13C02 (1/1)
[Run] Video P03T13C02: 25393 frames -> 1587 segments (size 16)
[Run] Finished P03T13C02. Extracted 1587 tokens. Final saved shape: (1587, 1024)
[Cleanup] Successfully generated features. Cleaning up P03T13C02...
--- Finished P03T13C02 ---
--- Processing P03T15C03 ---
[Init] Loading weights from pytorch-i3d/models/rgb_charades.pt
[Init] Found 1 video folders in /mnt/beegfsstudents/home/3199302/datasets/RGB/Videos_frames/batch_P03T15C03

[Run] Starting video P03T15C03 (1/1)
[Run] Video P03T15C03: 18467 frames -> 1154 segments (size 16)
[Run] Finished P03T15C03. Extracted 1154 tokens. Final saved shape: (1154, 1024)
[Cleanup] Successfully generated features. Cleaning up P03T15C03...
--- Finished P03T15C03 ---
--- Processing P03T15C06 ---
[Init] Loading weights from pytorch-i3d/models/rgb_charades.pt
[Init] Found 1 video folders in /mnt/beegfsstudents/home/3199302/datasets/RGB/Videos_frames/batch_P03T15C06

[Run] Starting video P03T15C06 (1/1)
[Run] Video P03T15C06: 18449 frames -> 1153 segments (size 16)
[Run] Finished P03T15C06. Extracted 1153 tokens. Final saved shape: (1153, 1024)
[Cleanup] Successfully generated features. Cleaning up P03T15C06...
--- Finished P03T15C06 ---
--- Processing P03T15C07 ---
[Init] Loading weights from pytorch-i3d/models/rgb_charades.pt
[Init] Found 1 video folders in /mnt/beegfsstudents/home/3199302/datasets/RGB/Videos_frames/batch_P03T15C07

[Run] Starting video P03T15C07 (1/1)
[Run] Video P03T15C07: 18418 frames -> 1151 segments (size 16)
[Run] Finished P03T15C07. Extracted 1151 tokens. Final saved shape: (1151, 1024)
[Cleanup] Successfully generated features. Cleaning up P03T15C07...
--- Finished P03T15C07 ---
--- Processing P03T16C03 ---
[Init] Loading weights from pytorch-i3d/models/rgb_charades.pt
[Init] Found 1 video folders in /mnt/beegfsstudents/home/3199302/datasets/RGB/Videos_frames/batch_P03T16C03

[Run] Starting video P03T16C03 (1/1)
[Run] Video P03T16C03: 22115 frames -> 1382 segments (size 16)
[Run] Finished P03T16C03. Extracted 1382 tokens. Final saved shape: (1382, 1024)
[Cleanup] Successfully generated features. Cleaning up P03T16C03...
--- Finished P03T16C03 ---
--- Processing P03T16C06 ---
[Init] Loading weights from pytorch-i3d/models/rgb_charades.pt
[Init] Found 1 video folders in /mnt/beegfsstudents/home/3199302/datasets/RGB/Videos_frames/batch_P03T16C06

[Run] Starting video P03T16C06 (1/1)
[Run] Video P03T16C06: 22103 frames -> 1381 segments (size 16)
[Run] Finished P03T16C06. Extracted 1381 tokens. Final saved shape: (1381, 1024)
[Cleanup] Successfully generated features. Cleaning up P03T16C06...
--- Finished P03T16C06 ---
--- Processing P03T16C07 ---
[Init] Loading weights from pytorch-i3d/models/rgb_charades.pt
[Init] Found 1 video folders in /mnt/beegfsstudents/home/3199302/datasets/RGB/Videos_frames/batch_P03T16C07

[Run] Starting video P03T16C07 (1/1)
[Run] Video P03T16C07: 22072 frames -> 1379 segments (size 16)
[Run] Finished P03T16C07. Extracted 1379 tokens. Final saved shape: (1379, 1024)
[Cleanup] Successfully generated features. Cleaning up P03T16C07...
--- Finished P03T16C07 ---
--- Processing P03T18C03 ---
[Init] Loading weights from pytorch-i3d/models/rgb_charades.pt
[Init] Found 1 video folders in /mnt/beegfsstudents/home/3199302/datasets/RGB/Videos_frames/batch_P03T18C03

[Run] Starting video P03T18C03 (1/1)
[Run] Video P03T18C03: 13636 frames -> 852 segments (size 16)
[Run] Finished P03T18C03. Extracted 852 tokens. Final saved shape: (852, 1024)
[Cleanup] Successfully generated features. Cleaning up P03T18C03...
--- Finished P03T18C03 ---
--- Processing P03T18C06 ---
[Init] Loading weights from pytorch-i3d/models/rgb_charades.pt
[Init] Found 1 video folders in /mnt/beegfsstudents/home/3199302/datasets/RGB/Videos_frames/batch_P03T18C06

[Run] Starting video P03T18C06 (1/1)
[Run] Video P03T18C06: 13617 frames -> 851 segments (size 16)
[Run] Finished P03T18C06. Extracted 851 tokens. Final saved shape: (851, 1024)
[Cleanup] Successfully generated features. Cleaning up P03T18C06...
--- Finished P03T18C06 ---
--- Processing P03T18C07 ---
[Init] Loading weights from pytorch-i3d/models/rgb_charades.pt
[Init] Found 1 video folders in /mnt/beegfsstudents/home/3199302/datasets/RGB/Videos_frames/batch_P03T18C07

[Run] Starting video P03T18C07 (1/1)
[Run] Video P03T18C07: 13591 frames -> 849 segments (size 16)
[Run] Finished P03T18C07. Extracted 849 tokens. Final saved shape: (849, 1024)
[Cleanup] Successfully generated features. Cleaning up P03T18C07...
--- Finished P03T18C07 ---
--- Processing P03T19C04 ---
[Init] Loading weights from pytorch-i3d/models/rgb_charades.pt
[Init] Found 1 video folders in /mnt/beegfsstudents/home/3199302/datasets/RGB/Videos_frames/batch_P03T19C04

[Run] Starting video P03T19C04 (1/1)
[Run] Video P03T19C04: 27353 frames -> 1709 segments (size 16)
[Run] Finished P03T19C04. Extracted 1709 tokens. Final saved shape: (1709, 1024)
[Cleanup] Successfully generated features. Cleaning up P03T19C04...
--- Finished P03T19C04 ---
--- Processing P03T19C05 ---
[Init] Loading weights from pytorch-i3d/models/rgb_charades.pt
[Init] Found 1 video folders in /mnt/beegfsstudents/home/3199302/datasets/RGB/Videos_frames/batch_P03T19C05

[Run] Starting video P03T19C05 (1/1)
[Run] Video P03T19C05: 27374 frames -> 1710 segments (size 16)
[Run] Finished P03T19C05. Extracted 1710 tokens. Final saved shape: (1710, 1024)
[Cleanup] Successfully generated features. Cleaning up P03T19C05...
--- Finished P03T19C05 ---
--- Processing P04T01C04 ---
[Init] Loading weights from pytorch-i3d/models/rgb_charades.pt
[Init] Found 1 video folders in /mnt/beegfsstudents/home/3199302/datasets/RGB/Videos_frames/batch_P04T01C04

[Run] Starting video P04T01C04 (1/1)
[Run] Video P04T01C04: 23024 frames -> 1439 segments (size 16)
[Run] Finished P04T01C04. Extracted 1439 tokens. Final saved shape: (1439, 1024)
[Cleanup] Successfully generated features. Cleaning up P04T01C04...
--- Finished P04T01C04 ---
--- Processing P04T01C05 ---
[Init] Loading weights from pytorch-i3d/models/rgb_charades.pt
[Init] Found 1 video folders in /mnt/beegfsstudents/home/3199302/datasets/RGB/Videos_frames/batch_P04T01C05

[Run] Starting video P04T01C05 (1/1)
[Run] Video P04T01C05: 23046 frames -> 1440 segments (size 16)
[Run] Finished P04T01C05. Extracted 1440 tokens. Final saved shape: (1440, 1024)
[Cleanup] Successfully generated features. Cleaning up P04T01C05...
--- Finished P04T01C05 ---
--- Processing P04T03C04 ---
[Init] Loading weights from pytorch-i3d/models/rgb_charades.pt
[Init] Found 1 video folders in /mnt/beegfsstudents/home/3199302/datasets/RGB/Videos_frames/batch_P04T03C04

[Run] Starting video P04T03C04 (1/1)
[Run] Video P04T03C04: 24259 frames -> 1516 segments (size 16)
[Run] Finished P04T03C04. Extracted 1516 tokens. Final saved shape: (1516, 1024)
[Cleanup] Successfully generated features. Cleaning up P04T03C04...
--- Finished P04T03C04 ---
--- Processing P04T03C05 ---
[Init] Loading weights from pytorch-i3d/models/rgb_charades.pt
[Init] Found 1 video folders in /mnt/beegfsstudents/home/3199302/datasets/RGB/Videos_frames/batch_P04T03C05

[Run] Starting video P04T03C05 (1/1)
[Run] Video P04T03C05: 24279 frames -> 1517 segments (size 16)
[Run] Finished P04T03C05. Extracted 1517 tokens. Final saved shape: (1517, 1024)
[Cleanup] Successfully generated features. Cleaning up P04T03C05...
--- Finished P04T03C05 ---
--- Processing P04T04C04 ---
[Init] Loading weights from pytorch-i3d/models/rgb_charades.pt
[Init] Found 1 video folders in /mnt/beegfsstudents/home/3199302/datasets/RGB/Videos_frames/batch_P04T04C04

[Run] Starting video P04T04C04 (1/1)
[Run] Video P04T04C04: 29761 frames -> 1860 segments (size 16)
[Run] Finished P04T04C04. Extracted 1860 tokens. Final saved shape: (1860, 1024)
[Cleanup] Successfully generated features. Cleaning up P04T04C04...
--- Finished P04T04C04 ---
--- Processing P04T04C05 ---
[Init] Loading weights from pytorch-i3d/models/rgb_charades.pt
[Init] Found 1 video folders in /mnt/beegfsstudents/home/3199302/datasets/RGB/Videos_frames/batch_P04T04C05

[Run] Starting video P04T04C05 (1/1)
[Run] Video P04T04C05: 29781 frames -> 1861 segments (size 16)
[Run] Finished P04T04C05. Extracted 1861 tokens. Final saved shape: (1861, 1024)
[Cleanup] Successfully generated features. Cleaning up P04T04C05...
--- Finished P04T04C05 ---
--- Processing P04T05C04 ---
[Init] Loading weights from pytorch-i3d/models/rgb_charades.pt
[Init] Found 1 video folders in /mnt/beegfsstudents/home/3199302/datasets/RGB/Videos_frames/batch_P04T05C04

[Run] Starting video P04T05C04 (1/1)
[Run] Video P04T05C04: 25350 frames -> 1584 segments (size 16)
[Run] Finished P04T05C04. Extracted 1584 tokens. Final saved shape: (1584, 1024)
[Cleanup] Successfully generated features. Cleaning up P04T05C04...
--- Finished P04T05C04 ---
--- Processing P04T05C05 ---
[Init] Loading weights from pytorch-i3d/models/rgb_charades.pt
[Init] Found 1 video folders in /mnt/beegfsstudents/home/3199302/datasets/RGB/Videos_frames/batch_P04T05C05

[Run] Starting video P04T05C05 (1/1)
[Run] Video P04T05C05: 25370 frames -> 1585 segments (size 16)
[Run] Finished P04T05C05. Extracted 1585 tokens. Final saved shape: (1585, 1024)
[Cleanup] Successfully generated features. Cleaning up P04T05C05...
--- Finished P04T05C05 ---
--- Processing P04T06C04 ---
[Init] Loading weights from pytorch-i3d/models/rgb_charades.pt
[Init] Found 1 video folders in /mnt/beegfsstudents/home/3199302/datasets/RGB/Videos_frames/batch_P04T06C04

[Run] Starting video P04T06C04 (1/1)
[Run] Video P04T06C04: 23090 frames -> 1443 segments (size 16)
[Run] Finished P04T06C04. Extracted 1443 tokens. Final saved shape: (1443, 1024)
[Cleanup] Successfully generated features. Cleaning up P04T06C04...
--- Finished P04T06C04 ---
--- Processing P04T06C05 ---
[Init] Loading weights from pytorch-i3d/models/rgb_charades.pt
[Init] Found 1 video folders in /mnt/beegfsstudents/home/3199302/datasets/RGB/Videos_frames/batch_P04T06C05

[Run] Starting video P04T06C05 (1/1)
[Run] Video P04T06C05: 23109 frames -> 1444 segments (size 16)
[Run] Finished P04T06C05. Extracted 1444 tokens. Final saved shape: (1444, 1024)
[Cleanup] Successfully generated features. Cleaning up P04T06C05...
--- Finished P04T06C05 ---
--- Processing P04T07C04 ---
[Init] Loading weights from pytorch-i3d/models/rgb_charades.pt
[Init] Found 1 video folders in /mnt/beegfsstudents/home/3199302/datasets/RGB/Videos_frames/batch_P04T07C04

[Run] Starting video P04T07C04 (1/1)
[Run] Video P04T07C04: 23266 frames -> 1454 segments (size 16)
[Run] Finished P04T07C04. Extracted 1454 tokens. Final saved shape: (1454, 1024)
[Cleanup] Successfully generated features. Cleaning up P04T07C04...
--- Finished P04T07C04 ---
--- Processing P04T07C05 ---
[Init] Loading weights from pytorch-i3d/models/rgb_charades.pt
[Init] Found 1 video folders in /mnt/beegfsstudents/home/3199302/datasets/RGB/Videos_frames/batch_P04T07C05

[Run] Starting video P04T07C05 (1/1)
[Run] Video P04T07C05: 23285 frames -> 1455 segments (size 16)
[Run] Finished P04T07C05. Extracted 1455 tokens. Final saved shape: (1455, 1024)
[Cleanup] Successfully generated features. Cleaning up P04T07C05...
--- Finished P04T07C05 ---
--- Processing P04T08C01 ---
[Init] Loading weights from pytorch-i3d/models/rgb_charades.pt
[Init] Found 1 video folders in /mnt/beegfsstudents/home/3199302/datasets/RGB/Videos_frames/batch_P04T08C01

[Run] Starting video P04T08C01 (1/1)
[Run] Video P04T08C01: 27692 frames -> 1730 segments (size 16)
[Run] Finished P04T08C01. Extracted 1730 tokens. Final saved shape: (1730, 1024)
[Cleanup] Successfully generated features. Cleaning up P04T08C01...
--- Finished P04T08C01 ---
--- Processing P04T08C02 ---
[Init] Loading weights from pytorch-i3d/models/rgb_charades.pt
[Init] Found 1 video folders in /mnt/beegfsstudents/home/3199302/datasets/RGB/Videos_frames/batch_P04T08C02

[Run] Starting video P04T08C02 (1/1)
[Run] Video P04T08C02: 27667 frames -> 1729 segments (size 16)
[Run] Finished P04T08C02. Extracted 1729 tokens. Final saved shape: (1729, 1024)
[Cleanup] Successfully generated features. Cleaning up P04T08C02...
--- Finished P04T08C02 ---
--- Processing P04T09C01 ---
[Init] Loading weights from pytorch-i3d/models/rgb_charades.pt
[Init] Found 1 video folders in /mnt/beegfsstudents/home/3199302/datasets/RGB/Videos_frames/batch_P04T09C01

[Run] Starting video P04T09C01 (1/1)
[Run] Video P04T09C01: 24061 frames -> 1503 segments (size 16)
[Run] Finished P04T09C01. Extracted 1503 tokens. Final saved shape: (1503, 1024)
[Cleanup] Successfully generated features. Cleaning up P04T09C01...
--- Finished P04T09C01 ---
--- Processing P04T09C02 ---
[Init] Loading weights from pytorch-i3d/models/rgb_charades.pt
[Init] Found 1 video folders in /mnt/beegfsstudents/home/3199302/datasets/RGB/Videos_frames/batch_P04T09C02

[Run] Starting video P04T09C02 (1/1)
[Run] Video P04T09C02: 24041 frames -> 1502 segments (size 16)
[Run] Finished P04T09C02. Extracted 1502 tokens. Final saved shape: (1502, 1024)
[Cleanup] Successfully generated features. Cleaning up P04T09C02...
--- Finished P04T09C02 ---
--- Processing P04T10C01 ---
[Init] Loading weights from pytorch-i3d/models/rgb_charades.pt
[Init] Found 1 video folders in /mnt/beegfsstudents/home/3199302/datasets/RGB/Videos_frames/batch_P04T10C01

[Run] Starting video P04T10C01 (1/1)
[Run] Video P04T10C01: 24546 frames -> 1534 segments (size 16)
[Run] Finished P04T10C01. Extracted 1534 tokens. Final saved shape: (1534, 1024)
[Cleanup] Successfully generated features. Cleaning up P04T10C01...
--- Finished P04T10C01 ---
--- Processing P04T10C02 ---
[Init] Loading weights from pytorch-i3d/models/rgb_charades.pt
[Init] Found 1 video folders in /mnt/beegfsstudents/home/3199302/datasets/RGB/Videos_frames/batch_P04T10C02

[Run] Starting video P04T10C02 (1/1)
[Run] Video P04T10C02: 24531 frames -> 1533 segments (size 16)
[Run] Finished P04T10C02. Extracted 1533 tokens. Final saved shape: (1533, 1024)
[Cleanup] Successfully generated features. Cleaning up P04T10C02...
--- Finished P04T10C02 ---
--- Processing P04T11C02 ---
[Init] Loading weights from pytorch-i3d/models/rgb_charades.pt
[Init] Found 1 video folders in /mnt/beegfsstudents/home/3199302/datasets/RGB/Videos_frames/batch_P04T11C02

[Run] Starting video P04T11C02 (1/1)
[Run] Video P04T11C02: 28695 frames -> 1793 segments (size 16)
[Run] Finished P04T11C02. Extracted 1793 tokens. Final saved shape: (1793, 1024)
[Cleanup] Successfully generated features. Cleaning up P04T11C02...
--- Finished P04T11C02 ---
--- Processing P04T12C01 ---
[Init] Loading weights from pytorch-i3d/models/rgb_charades.pt
[Init] Found 1 video folders in /mnt/beegfsstudents/home/3199302/datasets/RGB/Videos_frames/batch_P04T12C01

[Run] Starting video P04T12C01 (1/1)
[Run] Video P04T12C01: 26787 frames -> 1674 segments (size 16)
[Run] Finished P04T12C01. Extracted 1674 tokens. Final saved shape: (1674, 1024)
[Cleanup] Successfully generated features. Cleaning up P04T12C01...
--- Finished P04T12C01 ---
--- Processing P04T12C02 ---
[Init] Loading weights from pytorch-i3d/models/rgb_charades.pt
[Init] Found 1 video folders in /mnt/beegfsstudents/home/3199302/datasets/RGB/Videos_frames/batch_P04T12C02

[Run] Starting video P04T12C02 (1/1)
[Run] Video P04T12C02: 26767 frames -> 1672 segments (size 16)
[Run] Finished P04T12C02. Extracted 1672 tokens. Final saved shape: (1672, 1024)
[Cleanup] Successfully generated features. Cleaning up P04T12C02...
--- Finished P04T12C02 ---
--- Processing P04T13C01 ---
[Init] Loading weights from pytorch-i3d/models/rgb_charades.pt
[Init] Found 1 video folders in /mnt/beegfsstudents/home/3199302/datasets/RGB/Videos_frames/batch_P04T13C01

[Run] Starting video P04T13C01 (1/1)
[Run] Video P04T13C01: 26402 frames -> 1650 segments (size 16)
[Run] Finished P04T13C01. Extracted 1650 tokens. Final saved shape: (1650, 1024)
[Cleanup] Successfully generated features. Cleaning up P04T13C01...
--- Finished P04T13C01 ---
--- Processing P04T13C02 ---
[Init] Loading weights from pytorch-i3d/models/rgb_charades.pt
[Init] Found 1 video folders in /mnt/beegfsstudents/home/3199302/datasets/RGB/Videos_frames/batch_P04T13C02

[Run] Starting video P04T13C02 (1/1)
[Run] Video P04T13C02: 26376 frames -> 1648 segments (size 16)
[Run] Finished P04T13C02. Extracted 1648 tokens. Final saved shape: (1648, 1024)
[Cleanup] Successfully generated features. Cleaning up P04T13C02...
--- Finished P04T13C02 ---
--- Processing P04T14C03 ---
[Init] Loading weights from pytorch-i3d/models/rgb_charades.pt
[Init] Found 1 video folders in /mnt/beegfsstudents/home/3199302/datasets/RGB/Videos_frames/batch_P04T14C03

[Run] Starting video P04T14C03 (1/1)
[Run] Video P04T14C03: 24233 frames -> 1514 segments (size 16)
[Run] Finished P04T14C03. Extracted 1514 tokens. Final saved shape: (1514, 1024)
[Cleanup] Successfully generated features. Cleaning up P04T14C03...
--- Finished P04T14C03 ---
--- Processing P04T14C06 ---
[Init] Loading weights from pytorch-i3d/models/rgb_charades.pt
[Init] Found 1 video folders in /mnt/beegfsstudents/home/3199302/datasets/RGB/Videos_frames/batch_P04T14C06

[Run] Starting video P04T14C06 (1/1)
[Run] Video P04T14C06: 24265 frames -> 1516 segments (size 16)
[Run] Finished P04T14C06. Extracted 1516 tokens. Final saved shape: (1516, 1024)
[Cleanup] Successfully generated features. Cleaning up P04T14C06...
--- Finished P04T14C06 ---
--- Processing P04T14C07 ---
[Init] Loading weights from pytorch-i3d/models/rgb_charades.pt
[Init] Found 1 video folders in /mnt/beegfsstudents/home/3199302/datasets/RGB/Videos_frames/batch_P04T14C07

[Run] Starting video P04T14C07 (1/1)
[Run] Video P04T14C07: 24265 frames -> 1516 segments (size 16)
[Run] Finished P04T14C07. Extracted 1516 tokens. Final saved shape: (1516, 1024)
[Cleanup] Successfully generated features. Cleaning up P04T14C07...
--- Finished P04T14C07 ---
--- Processing P04T15C03 ---
[Init] Loading weights from pytorch-i3d/models/rgb_charades.pt
[Init] Found 1 video folders in /mnt/beegfsstudents/home/3199302/datasets/RGB/Videos_frames/batch_P04T15C03

[Run] Starting video P04T15C03 (1/1)
[Run] Video P04T15C03: 14284 frames -> 892 segments (size 16)
[Run] Finished P04T15C03. Extracted 892 tokens. Final saved shape: (892, 1024)
[Cleanup] Successfully generated features. Cleaning up P04T15C03...
--- Finished P04T15C03 ---
--- Processing P04T15C06 ---
[Init] Loading weights from pytorch-i3d/models/rgb_charades.pt
[Init] Found 1 video folders in /mnt/beegfsstudents/home/3199302/datasets/RGB/Videos_frames/batch_P04T15C06

[Run] Starting video P04T15C06 (1/1)
[Run] Video P04T15C06: 14323 frames -> 895 segments (size 16)
[Run] Finished P04T15C06. Extracted 895 tokens. Final saved shape: (895, 1024)
[Cleanup] Successfully generated features. Cleaning up P04T15C06...
--- Finished P04T15C06 ---
--- Processing P04T15C07 ---
[Init] Loading weights from pytorch-i3d/models/rgb_charades.pt
[Init] Found 1 video folders in /mnt/beegfsstudents/home/3199302/datasets/RGB/Videos_frames/batch_P04T15C07

[Run] Starting video P04T15C07 (1/1)
[Run] Video P04T15C07: 14308 frames -> 894 segments (size 16)
[Run] Finished P04T15C07. Extracted 894 tokens. Final saved shape: (894, 1024)
[Cleanup] Successfully generated features. Cleaning up P04T15C07...
--- Finished P04T15C07 ---
--- Processing P04T16C03 ---
[Init] Loading weights from pytorch-i3d/models/rgb_charades.pt
[Init] Found 1 video folders in /mnt/beegfsstudents/home/3199302/datasets/RGB/Videos_frames/batch_P04T16C03

[Run] Starting video P04T16C03 (1/1)
[Run] Video P04T16C03: 10514 frames -> 657 segments (size 16)
[Run] Finished P04T16C03. Extracted 657 tokens. Final saved shape: (657, 1024)
[Cleanup] Successfully generated features. Cleaning up P04T16C03...
--- Finished P04T16C03 ---
--- Processing P04T16C06 ---
[Init] Loading weights from pytorch-i3d/models/rgb_charades.pt
[Init] Found 1 video folders in /mnt/beegfsstudents/home/3199302/datasets/RGB/Videos_frames/batch_P04T16C06

[Run] Starting video P04T16C06 (1/1)
[Run] Video P04T16C06: 10551 frames -> 659 segments (size 16)
[Run] Finished P04T16C06. Extracted 659 tokens. Final saved shape: (659, 1024)
[Cleanup] Successfully generated features. Cleaning up P04T16C06...
--- Finished P04T16C06 ---
--- Processing P04T16C07 ---
[Init] Loading weights from pytorch-i3d/models/rgb_charades.pt
[Init] Found 1 video folders in /mnt/beegfsstudents/home/3199302/datasets/RGB/Videos_frames/batch_P04T16C07

[Run] Starting video P04T16C07 (1/1)
[Run] Video P04T16C07: 10538 frames -> 658 segments (size 16)
[Run] Finished P04T16C07. Extracted 658 tokens. Final saved shape: (658, 1024)
[Cleanup] Successfully generated features. Cleaning up P04T16C07...
--- Finished P04T16C07 ---
--- Processing P04T17C03 ---
[Init] Loading weights from pytorch-i3d/models/rgb_charades.pt
[Init] Found 1 video folders in /mnt/beegfsstudents/home/3199302/datasets/RGB/Videos_frames/batch_P04T17C03

[Run] Starting video P04T17C03 (1/1)
[Run] Video P04T17C03: 16268 frames -> 1016 segments (size 16)
[Run] Finished P04T17C03. Extracted 1016 tokens. Final saved shape: (1016, 1024)
[Cleanup] Successfully generated features. Cleaning up P04T17C03...
--- Finished P04T17C03 ---
--- Processing P04T17C06 ---
[Init] Loading weights from pytorch-i3d/models/rgb_charades.pt
[Init] Found 1 video folders in /mnt/beegfsstudents/home/3199302/datasets/RGB/Videos_frames/batch_P04T17C06

[Run] Starting video P04T17C06 (1/1)
[Run] Video P04T17C06: 16305 frames -> 1019 segments (size 16)
[Run] Finished P04T17C06. Extracted 1019 tokens. Final saved shape: (1019, 1024)
[Cleanup] Successfully generated features. Cleaning up P04T17C06...
--- Finished P04T17C06 ---
--- Processing P04T17C07 ---
[Init] Loading weights from pytorch-i3d/models/rgb_charades.pt
[Init] Found 1 video folders in /mnt/beegfsstudents/home/3199302/datasets/RGB/Videos_frames/batch_P04T17C07

[Run] Starting video P04T17C07 (1/1)
[Run] Video P04T17C07: 16300 frames -> 1018 segments (size 16)
[Run] Finished P04T17C07. Extracted 1018 tokens. Final saved shape: (1018, 1024)
[Cleanup] Successfully generated features. Cleaning up P04T17C07...
--- Finished P04T17C07 ---
--- Processing P04T18C03 ---
[Init] Loading weights from pytorch-i3d/models/rgb_charades.pt
[Init] Found 1 video folders in /mnt/beegfsstudents/home/3199302/datasets/RGB/Videos_frames/batch_P04T18C03

[Run] Starting video P04T18C03 (1/1)
[Run] Video P04T18C03: 10090 frames -> 630 segments (size 16)
[Run] Finished P04T18C03. Extracted 630 tokens. Final saved shape: (630, 1024)
[Cleanup] Successfully generated features. Cleaning up P04T18C03...
--- Finished P04T18C03 ---
--- Processing P04T18C06 ---
[Init] Loading weights from pytorch-i3d/models/rgb_charades.pt
[Init] Found 1 video folders in /mnt/beegfsstudents/home/3199302/datasets/RGB/Videos_frames/batch_P04T18C06

[Run] Starting video P04T18C06 (1/1)
[Run] Video P04T18C06: 10126 frames -> 632 segments (size 16)
[Run] Finished P04T18C06. Extracted 632 tokens. Final saved shape: (632, 1024)
[Cleanup] Successfully generated features. Cleaning up P04T18C06...
--- Finished P04T18C06 ---
--- Processing P04T18C07 ---
[Init] Loading weights from pytorch-i3d/models/rgb_charades.pt
[Init] Found 1 video folders in /mnt/beegfsstudents/home/3199302/datasets/RGB/Videos_frames/batch_P04T18C07

[Run] Starting video P04T18C07 (1/1)
[Run] Video P04T18C07: 10113 frames -> 632 segments (size 16)
[Run] Finished P04T18C07. Extracted 632 tokens. Final saved shape: (632, 1024)
[Cleanup] Successfully generated features. Cleaning up P04T18C07...
--- Finished P04T18C07 ---
--- Processing P06T01C04 ---
[Init] Loading weights from pytorch-i3d/models/rgb_charades.pt
[Init] Found 1 video folders in /mnt/beegfsstudents/home/3199302/datasets/RGB/Videos_frames/batch_P06T01C04

[Run] Starting video P06T01C04 (1/1)
[Run] Video P06T01C04: 22904 frames -> 1431 segments (size 16)
[Run] Finished P06T01C04. Extracted 1431 tokens. Final saved shape: (1431, 1024)
[Cleanup] Successfully generated features. Cleaning up P06T01C04...
--- Finished P06T01C04 ---
--- Processing P06T02C04 ---
[Init] Loading weights from pytorch-i3d/models/rgb_charades.pt
[Init] Found 1 video folders in /mnt/beegfsstudents/home/3199302/datasets/RGB/Videos_frames/batch_P06T02C04

[Run] Starting video P06T02C04 (1/1)
[Run] Video P06T02C04: 28516 frames -> 1782 segments (size 16)
[Run] Finished P06T02C04. Extracted 1782 tokens. Final saved shape: (1782, 1024)
[Cleanup] Successfully generated features. Cleaning up P06T02C04...
--- Finished P06T02C04 ---
--- Processing P06T02C05 ---
[Init] Loading weights from pytorch-i3d/models/rgb_charades.pt
[Init] Found 1 video folders in /mnt/beegfsstudents/home/3199302/datasets/RGB/Videos_frames/batch_P06T02C05

[Run] Starting video P06T02C05 (1/1)
[Run] Video P06T02C05: 28490 frames -> 1780 segments (size 16)
[Run] Finished P06T02C05. Extracted 1780 tokens. Final saved shape: (1780, 1024)
[Cleanup] Successfully generated features. Cleaning up P06T02C05...
--- Finished P06T02C05 ---
--- Processing P06T03C04 ---
[Init] Loading weights from pytorch-i3d/models/rgb_charades.pt
[Init] Found 1 video folders in /mnt/beegfsstudents/home/3199302/datasets/RGB/Videos_frames/batch_P06T03C04

[Run] Starting video P06T03C04 (1/1)
[Run] Video P06T03C04: 28548 frames -> 1784 segments (size 16)
[Run] Finished P06T03C04. Extracted 1784 tokens. Final saved shape: (1784, 1024)
[Cleanup] Successfully generated features. Cleaning up P06T03C04...
--- Finished P06T03C04 ---
--- Processing P06T03C05 ---
[Init] Loading weights from pytorch-i3d/models/rgb_charades.pt
[Init] Found 1 video folders in /mnt/beegfsstudents/home/3199302/datasets/RGB/Videos_frames/batch_P06T03C05

[Run] Starting video P06T03C05 (1/1)
[Run] Video P06T03C05: 28528 frames -> 1783 segments (size 16)
[Run] Finished P06T03C05. Extracted 1783 tokens. Final saved shape: (1783, 1024)
[Cleanup] Successfully generated features. Cleaning up P06T03C05...
--- Finished P06T03C05 ---
--- Processing P06T04C04 ---
[Init] Loading weights from pytorch-i3d/models/rgb_charades.pt
[Init] Found 1 video folders in /mnt/beegfsstudents/home/3199302/datasets/RGB/Videos_frames/batch_P06T04C04

[Run] Starting video P06T04C04 (1/1)
[Run] Video P06T04C04: 27273 frames -> 1704 segments (size 16)
[Run] Finished P06T04C04. Extracted 1704 tokens. Final saved shape: (1704, 1024)
[Cleanup] Successfully generated features. Cleaning up P06T04C04...
--- Finished P06T04C04 ---
--- Processing P06T04C05 ---
[Init] Loading weights from pytorch-i3d/models/rgb_charades.pt
[Init] Found 1 video folders in /mnt/beegfsstudents/home/3199302/datasets/RGB/Videos_frames/batch_P06T04C05

[Run] Starting video P06T04C05 (1/1)
[Run] Video P06T04C05: 27255 frames -> 1703 segments (size 16)
[Run] Finished P06T04C05. Extracted 1703 tokens. Final saved shape: (1703, 1024)
[Cleanup] Successfully generated features. Cleaning up P06T04C05...
--- Finished P06T04C05 ---
--- Processing P06T05C04 ---
[Init] Loading weights from pytorch-i3d/models/rgb_charades.pt
[Init] Found 1 video folders in /mnt/beegfsstudents/home/3199302/datasets/RGB/Videos_frames/batch_P06T05C04

[Run] Starting video P06T05C04 (1/1)
[Run] Video P06T05C04: 28255 frames -> 1765 segments (size 16)
[Run] Finished P06T05C04. Extracted 1765 tokens. Final saved shape: (1765, 1024)
[Cleanup] Successfully generated features. Cleaning up P06T05C04...
--- Finished P06T05C04 ---
--- Processing P06T05C05 ---
[Init] Loading weights from pytorch-i3d/models/rgb_charades.pt
[Init] Found 1 video folders in /mnt/beegfsstudents/home/3199302/datasets/RGB/Videos_frames/batch_P06T05C05

[Run] Starting video P06T05C05 (1/1)
[Run] Video P06T05C05: 28222 frames -> 1763 segments (size 16)
[Run] Finished P06T05C05. Extracted 1763 tokens. Final saved shape: (1763, 1024)
[Cleanup] Successfully generated features. Cleaning up P06T05C05...
--- Finished P06T05C05 ---
--- Processing P06T06C04 ---
[Init] Loading weights from pytorch-i3d/models/rgb_charades.pt
[Init] Found 1 video folders in /mnt/beegfsstudents/home/3199302/datasets/RGB/Videos_frames/batch_P06T06C04

[Run] Starting video P06T06C04 (1/1)
[Run] Video P06T06C04: 26233 frames -> 1639 segments (size 16)
[Run] Finished P06T06C04. Extracted 1639 tokens. Final saved shape: (1639, 1024)
[Cleanup] Successfully generated features. Cleaning up P06T06C04...
--- Finished P06T06C04 ---
--- Processing P06T06C05 ---
[Init] Loading weights from pytorch-i3d/models/rgb_charades.pt
[Init] Found 1 video folders in /mnt/beegfsstudents/home/3199302/datasets/RGB/Videos_frames/batch_P06T06C05

[Run] Starting video P06T06C05 (1/1)
[Run] Video P06T06C05: 26217 frames -> 1638 segments (size 16)
[Run] Finished P06T06C05. Extracted 1638 tokens. Final saved shape: (1638, 1024)
[Cleanup] Successfully generated features. Cleaning up P06T06C05...
--- Finished P06T06C05 ---
--- Processing P06T07C01 ---
[Init] Loading weights from pytorch-i3d/models/rgb_charades.pt
[Init] Found 1 video folders in /mnt/beegfsstudents/home/3199302/datasets/RGB/Videos_frames/batch_P06T07C01

[Run] Starting video P06T07C01 (1/1)
[Run] Video P06T07C01: 13038 frames -> 814 segments (size 16)
[Run] Finished P06T07C01. Extracted 814 tokens. Final saved shape: (814, 1024)
[Cleanup] Successfully generated features. Cleaning up P06T07C01...
--- Finished P06T07C01 ---
--- Processing P06T07C02 ---
[Init] Loading weights from pytorch-i3d/models/rgb_charades.pt
[Init] Found 1 video folders in /mnt/beegfsstudents/home/3199302/datasets/RGB/Videos_frames/batch_P06T07C02

[Run] Starting video P06T07C02 (1/1)
[Run] Video P06T07C02: 13017 frames -> 813 segments (size 16)
[Run] Finished P06T07C02. Extracted 813 tokens. Final saved shape: (813, 1024)
[Cleanup] Successfully generated features. Cleaning up P06T07C02...
--- Finished P06T07C02 ---
--- Processing P06T08C01 ---
[Init] Loading weights from pytorch-i3d/models/rgb_charades.pt
[Init] Found 1 video folders in /mnt/beegfsstudents/home/3199302/datasets/RGB/Videos_frames/batch_P06T08C01

[Run] Starting video P06T08C01 (1/1)
[Run] Video P06T08C01: 22905 frames -> 1431 segments (size 16)
[Run] Finished P06T08C01. Extracted 1431 tokens. Final saved shape: (1431, 1024)
[Cleanup] Successfully generated features. Cleaning up P06T08C01...
--- Finished P06T08C01 ---
--- Processing P06T08C02 ---
[Init] Loading weights from pytorch-i3d/models/rgb_charades.pt
[Init] Found 1 video folders in /mnt/beegfsstudents/home/3199302/datasets/RGB/Videos_frames/batch_P06T08C02

[Run] Starting video P06T08C02 (1/1)
[Run] Video P06T08C02: 22868 frames -> 1429 segments (size 16)
[Run] Finished P06T08C02. Extracted 1429 tokens. Final saved shape: (1429, 1024)
[Cleanup] Successfully generated features. Cleaning up P06T08C02...
--- Finished P06T08C02 ---
--- Processing P06T09C01 ---
[Init] Loading weights from pytorch-i3d/models/rgb_charades.pt
[Init] Found 1 video folders in /mnt/beegfsstudents/home/3199302/datasets/RGB/Videos_frames/batch_P06T09C01

[Run] Starting video P06T09C01 (1/1)
[Run] Video P06T09C01: 23631 frames -> 1476 segments (size 16)
[Run] Finished P06T09C01. Extracted 1476 tokens. Final saved shape: (1476, 1024)
[Cleanup] Successfully generated features. Cleaning up P06T09C01...
--- Finished P06T09C01 ---
--- Processing P06T09C02 ---
[Init] Loading weights from pytorch-i3d/models/rgb_charades.pt
[Init] Found 1 video folders in /mnt/beegfsstudents/home/3199302/datasets/RGB/Videos_frames/batch_P06T09C02

[Run] Starting video P06T09C02 (1/1)
[Run] Video P06T09C02: 23609 frames -> 1475 segments (size 16)
[Run] Finished P06T09C02. Extracted 1475 tokens. Final saved shape: (1475, 1024)
[Cleanup] Successfully generated features. Cleaning up P06T09C02...
--- Finished P06T09C02 ---
--- Processing P06T10C01 ---
[Init] Loading weights from pytorch-i3d/models/rgb_charades.pt
[Init] Found 1 video folders in /mnt/beegfsstudents/home/3199302/datasets/RGB/Videos_frames/batch_P06T10C01

[Run] Starting video P06T10C01 (1/1)
[Run] Video P06T10C01: 36002 frames -> 2250 segments (size 16)
[Run] Finished P06T10C01. Extracted 2250 tokens. Final saved shape: (2250, 1024)
[Cleanup] Successfully generated features. Cleaning up P06T10C01...
--- Finished P06T10C01 ---
--- Processing P06T10C02 ---
[Init] Loading weights from pytorch-i3d/models/rgb_charades.pt
[Init] Found 1 video folders in /mnt/beegfsstudents/home/3199302/datasets/RGB/Videos_frames/batch_P06T10C02

[Run] Starting video P06T10C02 (1/1)
[Run] Video P06T10C02: 35983 frames -> 2248 segments (size 16)
[Run] Finished P06T10C02. Extracted 2248 tokens. Final saved shape: (2248, 1024)
[Cleanup] Successfully generated features. Cleaning up P06T10C02...
--- Finished P06T10C02 ---
--- Processing P06T11C01 ---
[Init] Loading weights from pytorch-i3d/models/rgb_charades.pt
[Init] Found 1 video folders in /mnt/beegfsstudents/home/3199302/datasets/RGB/Videos_frames/batch_P06T11C01

[Run] Starting video P06T11C01 (1/1)
[Run] Video P06T11C01: 31441 frames -> 1965 segments (size 16)
[Run] Finished P06T11C01. Extracted 1965 tokens. Final saved shape: (1965, 1024)
[Cleanup] Successfully generated features. Cleaning up P06T11C01...
--- Finished P06T11C01 ---
--- Processing P06T11C02 ---
[Init] Loading weights from pytorch-i3d/models/rgb_charades.pt
[Init] Found 1 video folders in /mnt/beegfsstudents/home/3199302/datasets/RGB/Videos_frames/batch_P06T11C02

[Run] Starting video P06T11C02 (1/1)
[Run] Video P06T11C02: 31427 frames -> 1964 segments (size 16)
[Run] Finished P06T11C02. Extracted 1964 tokens. Final saved shape: (1964, 1024)
[Cleanup] Successfully generated features. Cleaning up P06T11C02...
--- Finished P06T11C02 ---
--- Processing P06T12C03 ---
[Init] Loading weights from pytorch-i3d/models/rgb_charades.pt
[Init] Found 1 video folders in /mnt/beegfsstudents/home/3199302/datasets/RGB/Videos_frames/batch_P06T12C03

[Run] Starting video P06T12C03 (1/1)
[Run] Video P06T12C03: 31980 frames -> 1998 segments (size 16)
[Run] Finished P06T12C03. Extracted 1998 tokens. Final saved shape: (1998, 1024)
[Cleanup] Successfully generated features. Cleaning up P06T12C03...
--- Finished P06T12C03 ---
--- Processing P06T12C06 ---
[Init] Loading weights from pytorch-i3d/models/rgb_charades.pt
[Init] Found 1 video folders in /mnt/beegfsstudents/home/3199302/datasets/RGB/Videos_frames/batch_P06T12C06

[Run] Starting video P06T12C06 (1/1)
[Run] Video P06T12C06: 31967 frames -> 1997 segments (size 16)
[Run] Finished P06T12C06. Extracted 1997 tokens. Final saved shape: (1997, 1024)
[Cleanup] Successfully generated features. Cleaning up P06T12C06...
--- Finished P06T12C06 ---
--- Processing P06T12C07 ---
[Init] Loading weights from pytorch-i3d/models/rgb_charades.pt
[Init] Found 1 video folders in /mnt/beegfsstudents/home/3199302/datasets/RGB/Videos_frames/batch_P06T12C07

[Run] Starting video P06T12C07 (1/1)
[Run] Video P06T12C07: 31938 frames -> 1996 segments (size 16)
[Run] Finished P06T12C07. Extracted 1996 tokens. Final saved shape: (1996, 1024)
[Cleanup] Successfully generated features. Cleaning up P06T12C07...
--- Finished P06T12C07 ---
--- Processing P06T13C03 ---
[Init] Loading weights from pytorch-i3d/models/rgb_charades.pt
[Init] Found 1 video folders in /mnt/beegfsstudents/home/3199302/datasets/RGB/Videos_frames/batch_P06T13C03

[Run] Starting video P06T13C03 (1/1)
[Run] Video P06T13C03: 28437 frames -> 1777 segments (size 16)
[Run] Finished P06T13C03. Extracted 1777 tokens. Final saved shape: (1777, 1024)
[Cleanup] Successfully generated features. Cleaning up P06T13C03...
--- Finished P06T13C03 ---
--- Processing P06T13C06 ---
[Init] Loading weights from pytorch-i3d/models/rgb_charades.pt
[Init] Found 1 video folders in /mnt/beegfsstudents/home/3199302/datasets/RGB/Videos_frames/batch_P06T13C06

[Run] Starting video P06T13C06 (1/1)
[Run] Video P06T13C06: 28427 frames -> 1776 segments (size 16)
[Run] Finished P06T13C06. Extracted 1776 tokens. Final saved shape: (1776, 1024)
[Cleanup] Successfully generated features. Cleaning up P06T13C06...
--- Finished P06T13C06 ---
--- Processing P06T13C07 ---
[Init] Loading weights from pytorch-i3d/models/rgb_charades.pt
[Init] Found 1 video folders in /mnt/beegfsstudents/home/3199302/datasets/RGB/Videos_frames/batch_P06T13C07

[Run] Starting video P06T13C07 (1/1)
[Run] Video P06T13C07: 28402 frames -> 1775 segments (size 16)
[Run] Finished P06T13C07. Extracted 1775 tokens. Final saved shape: (1775, 1024)
[Cleanup] Successfully generated features. Cleaning up P06T13C07...
--- Finished P06T13C07 ---
--- Processing P06T14C01 ---
[Init] Loading weights from pytorch-i3d/models/rgb_charades.pt
[Init] Found 1 video folders in /mnt/beegfsstudents/home/3199302/datasets/RGB/Videos_frames/batch_P06T14C01

[Run] Starting video P06T14C01 (1/1)
[Run] Video P06T14C01: 23612 frames -> 1475 segments (size 16)
[Run] Finished P06T14C01. Extracted 1475 tokens. Final saved shape: (1475, 1024)
[Cleanup] Successfully generated features. Cleaning up P06T14C01...
--- Finished P06T14C01 ---
--- Processing P06T14C02 ---
[Init] Loading weights from pytorch-i3d/models/rgb_charades.pt
[Init] Found 1 video folders in /mnt/beegfsstudents/home/3199302/datasets/RGB/Videos_frames/batch_P06T14C02

[Run] Starting video P06T14C02 (1/1)
[Run] Video P06T14C02: 23600 frames -> 1475 segments (size 16)
[Run] Finished P06T14C02. Extracted 1475 tokens. Final saved shape: (1475, 1024)
[Cleanup] Successfully generated features. Cleaning up P06T14C02...
--- Finished P06T14C02 ---
--- Processing P06T15C01 ---
[Init] Loading weights from pytorch-i3d/models/rgb_charades.pt
[Init] Found 1 video folders in /mnt/beegfsstudents/home/3199302/datasets/RGB/Videos_frames/batch_P06T15C01

[Run] Starting video P06T15C01 (1/1)
[Run] Video P06T15C01: 25142 frames -> 1571 segments (size 16)
[Run] Finished P06T15C01. Extracted 1571 tokens. Final saved shape: (1571, 1024)
[Cleanup] Successfully generated features. Cleaning up P06T15C01...
--- Finished P06T15C01 ---
--- Processing P06T15C02 ---
[Init] Loading weights from pytorch-i3d/models/rgb_charades.pt
[Init] Found 1 video folders in /mnt/beegfsstudents/home/3199302/datasets/RGB/Videos_frames/batch_P06T15C02

[Run] Starting video P06T15C02 (1/1)
[Run] Video P06T15C02: 25124 frames -> 1570 segments (size 16)
[Run] Finished P06T15C02. Extracted 1570 tokens. Final saved shape: (1570, 1024)
[Cleanup] Successfully generated features. Cleaning up P06T15C02...
--- Finished P06T15C02 ---
--- Processing P06T26C01 ---
[Init] Loading weights from pytorch-i3d/models/rgb_charades.pt
[Init] Found 1 video folders in /mnt/beegfsstudents/home/3199302/datasets/RGB/Videos_frames/batch_P06T26C01

[Run] Starting video P06T26C01 (1/1)
[Run] Video P06T26C01: 28737 frames -> 1796 segments (size 16)
[Run] Finished P06T26C01. Extracted 1796 tokens. Final saved shape: (1796, 1024)
[Cleanup] Successfully generated features. Cleaning up P06T26C01...
--- Finished P06T26C01 ---
--- Processing P06T27C01 ---
[Init] Loading weights from pytorch-i3d/models/rgb_charades.pt
[Init] Found 1 video folders in /mnt/beegfsstudents/home/3199302/datasets/RGB/Videos_frames/batch_P06T27C01

[Run] Starting video P06T27C01 (1/1)
[Run] Video P06T27C01: 30517 frames -> 1907 segments (size 16)
[Run] Finished P06T27C01. Extracted 1907 tokens. Final saved shape: (1907, 1024)
[Cleanup] Successfully generated features. Cleaning up P06T27C01...
--- Finished P06T27C01 ---
--- Processing P07T01C03 ---
[Init] Loading weights from pytorch-i3d/models/rgb_charades.pt
[Init] Found 1 video folders in /mnt/beegfsstudents/home/3199302/datasets/RGB/Videos_frames/batch_P07T01C03

[Run] Starting video P07T01C03 (1/1)
[Run] Video P07T01C03: 26460 frames -> 1653 segments (size 16)
[Run] Finished P07T01C03. Extracted 1653 tokens. Final saved shape: (1653, 1024)
[Cleanup] Successfully generated features. Cleaning up P07T01C03...
--- Finished P07T01C03 ---
--- Processing P07T01C05 ---
[Init] Loading weights from pytorch-i3d/models/rgb_charades.pt
[Init] Found 1 video folders in /mnt/beegfsstudents/home/3199302/datasets/RGB/Videos_frames/batch_P07T01C05

[Run] Starting video P07T01C05 (1/1)
[Run] Video P07T01C05: 25926 frames -> 1620 segments (size 16)
[Run] Finished P07T01C05. Extracted 1620 tokens. Final saved shape: (1620, 1024)
[Cleanup] Successfully generated features. Cleaning up P07T01C05...
--- Finished P07T01C05 ---
--- Processing P07T02C03 ---
[Init] Loading weights from pytorch-i3d/models/rgb_charades.pt
[Init] Found 1 video folders in /mnt/beegfsstudents/home/3199302/datasets/RGB/Videos_frames/batch_P07T02C03

[Run] Starting video P07T02C03 (1/1)
[Run] Video P07T02C03: 27822 frames -> 1738 segments (size 16)
[Run] Finished P07T02C03. Extracted 1738 tokens. Final saved shape: (1738, 1024)
[Cleanup] Successfully generated features. Cleaning up P07T02C03...
--- Finished P07T02C03 ---
--- Processing P07T02C05 ---
[Init] Loading weights from pytorch-i3d/models/rgb_charades.pt
[Init] Found 1 video folders in /mnt/beegfsstudents/home/3199302/datasets/RGB/Videos_frames/batch_P07T02C05

[Run] Starting video P07T02C05 (1/1)
[Run] Video P07T02C05: 27362 frames -> 1710 segments (size 16)
[Run] Finished P07T02C05. Extracted 1710 tokens. Final saved shape: (1710, 1024)
[Cleanup] Successfully generated features. Cleaning up P07T02C05...
--- Finished P07T02C05 ---
--- Processing P07T03C03 ---
[Init] Loading weights from pytorch-i3d/models/rgb_charades.pt
[Init] Found 1 video folders in /mnt/beegfsstudents/home/3199302/datasets/RGB/Videos_frames/batch_P07T03C03

[Run] Starting video P07T03C03 (1/1)
[Run] Video P07T03C03: 28455 frames -> 1778 segments (size 16)
[Run] Finished P07T03C03. Extracted 1778 tokens. Final saved shape: (1778, 1024)
[Cleanup] Successfully generated features. Cleaning up P07T03C03...
--- Finished P07T03C03 ---
--- Processing P07T03C05 ---
[Init] Loading weights from pytorch-i3d/models/rgb_charades.pt
[Init] Found 1 video folders in /mnt/beegfsstudents/home/3199302/datasets/RGB/Videos_frames/batch_P07T03C05

[Run] Starting video P07T03C05 (1/1)
[Run] Video P07T03C05: 27944 frames -> 1746 segments (size 16)
[Run] Finished P07T03C05. Extracted 1746 tokens. Final saved shape: (1746, 1024)
[Cleanup] Successfully generated features. Cleaning up P07T03C05...
--- Finished P07T03C05 ---
--- Processing P07T04C05 ---
[Init] Loading weights from pytorch-i3d/models/rgb_charades.pt
[Init] Found 1 video folders in /mnt/beegfsstudents/home/3199302/datasets/RGB/Videos_frames/batch_P07T04C05

[Run] Starting video P07T04C05 (1/1)
[Run] Video P07T04C05: 27496 frames -> 1718 segments (size 16)
[Run] Finished P07T04C05. Extracted 1718 tokens. Final saved shape: (1718, 1024)
[Cleanup] Successfully generated features. Cleaning up P07T04C05...
--- Finished P07T04C05 ---
--- Processing P07T04C07 ---
[Init] Loading weights from pytorch-i3d/models/rgb_charades.pt
[Init] Found 1 video folders in /mnt/beegfsstudents/home/3199302/datasets/RGB/Videos_frames/batch_P07T04C07

[Run] Starting video P07T04C07 (1/1)
[Run] Video P07T04C07: 28233 frames -> 1764 segments (size 16)
[Run] Finished P07T04C07. Extracted 1764 tokens. Final saved shape: (1764, 1024)
[Cleanup] Successfully generated features. Cleaning up P07T04C07...
--- Finished P07T04C07 ---
--- Processing P07T05C05 ---
[Init] Loading weights from pytorch-i3d/models/rgb_charades.pt
[Init] Found 1 video folders in /mnt/beegfsstudents/home/3199302/datasets/RGB/Videos_frames/batch_P07T05C05

[Run] Starting video P07T05C05 (1/1)
[Run] Video P07T05C05: 28316 frames -> 1769 segments (size 16)
[Run] Finished P07T05C05. Extracted 1769 tokens. Final saved shape: (1769, 1024)
[Cleanup] Successfully generated features. Cleaning up P07T05C05...
--- Finished P07T05C05 ---
--- Processing P07T06C03 ---
[Init] Loading weights from pytorch-i3d/models/rgb_charades.pt
[Init] Found 1 video folders in /mnt/beegfsstudents/home/3199302/datasets/RGB/Videos_frames/batch_P07T06C03

[Run] Starting video P07T06C03 (1/1)
[Run] Video P07T06C03: 44153 frames -> 2759 segments (size 16)
[Run] Finished P07T06C03. Extracted 2759 tokens. Final saved shape: (2759, 1024)
[Cleanup] Successfully generated features. Cleaning up P07T06C03...
--- Finished P07T06C03 ---
--- Processing P07T06C05 ---
[Init] Loading weights from pytorch-i3d/models/rgb_charades.pt
[Init] Found 1 video folders in /mnt/beegfsstudents/home/3199302/datasets/RGB/Videos_frames/batch_P07T06C05

[Run] Starting video P07T06C05 (1/1)
[Run] Video P07T06C05: 28811 frames -> 1800 segments (size 16)
[Run] Finished P07T06C05. Extracted 1800 tokens. Final saved shape: (1800, 1024)
[Cleanup] Successfully generated features. Cleaning up P07T06C05...
--- Finished P07T06C05 ---
--- Processing P07T06C06 ---
[Init] Loading weights from pytorch-i3d/models/rgb_charades.pt
[Init] Found 1 video folders in /mnt/beegfsstudents/home/3199302/datasets/RGB/Videos_frames/batch_P07T06C06

[Run] Starting video P07T06C06 (1/1)
[Run] Video P07T06C06: 44143 frames -> 2758 segments (size 16)
[Run] Finished P07T06C06. Extracted 2758 tokens. Final saved shape: (2758, 1024)
[Cleanup] Successfully generated features. Cleaning up P07T06C06...
--- Finished P07T06C06 ---
--- Processing P07T07C04 ---
[Init] Loading weights from pytorch-i3d/models/rgb_charades.pt
[Init] Found 1 video folders in /mnt/beegfsstudents/home/3199302/datasets/RGB/Videos_frames/batch_P07T07C04

[Run] Starting video P07T07C04 (1/1)
[Run] Video P07T07C04: 30373 frames -> 1898 segments (size 16)
[Run] Finished P07T07C04. Extracted 1898 tokens. Final saved shape: (1898, 1024)
[Cleanup] Successfully generated features. Cleaning up P07T07C04...
--- Finished P07T07C04 ---
--- Processing P07T07C05 ---
[Init] Loading weights from pytorch-i3d/models/rgb_charades.pt
[Init] Found 1 video folders in /mnt/beegfsstudents/home/3199302/datasets/RGB/Videos_frames/batch_P07T07C05

[Run] Starting video P07T07C05 (1/1)
[Run] Video P07T07C05: 30350 frames -> 1896 segments (size 16)
[Run] Finished P07T07C05. Extracted 1896 tokens. Final saved shape: (1896, 1024)
[Cleanup] Successfully generated features. Cleaning up P07T07C05...
--- Finished P07T07C05 ---
--- Processing P07T08C01 ---
[Init] Loading weights from pytorch-i3d/models/rgb_charades.pt
[Init] Found 1 video folders in /mnt/beegfsstudents/home/3199302/datasets/RGB/Videos_frames/batch_P07T08C01

[Run] Starting video P07T08C01 (1/1)
[Run] Video P07T08C01: 29933 frames -> 1870 segments (size 16)
[Run] Finished P07T08C01. Extracted 1870 tokens. Final saved shape: (1870, 1024)
[Cleanup] Successfully generated features. Cleaning up P07T08C01...
--- Finished P07T08C01 ---
--- Processing P07T08C02 ---
[Init] Loading weights from pytorch-i3d/models/rgb_charades.pt
[Init] Found 1 video folders in /mnt/beegfsstudents/home/3199302/datasets/RGB/Videos_frames/batch_P07T08C02

[Run] Starting video P07T08C02 (1/1)
[Run] Video P07T08C02: 29916 frames -> 1869 segments (size 16)
[Run] Finished P07T08C02. Extracted 1869 tokens. Final saved shape: (1869, 1024)
[Cleanup] Successfully generated features. Cleaning up P07T08C02...
--- Finished P07T08C02 ---
--- Processing P07T09C01 ---
[Init] Loading weights from pytorch-i3d/models/rgb_charades.pt
[Init] Found 1 video folders in /mnt/beegfsstudents/home/3199302/datasets/RGB/Videos_frames/batch_P07T09C01

[Run] Starting video P07T09C01 (1/1)
[Run] Video P07T09C01: 33475 frames -> 2092 segments (size 16)
[Run] Finished P07T09C01. Extracted 2092 tokens. Final saved shape: (2092, 1024)
[Cleanup] Successfully generated features. Cleaning up P07T09C01...
--- Finished P07T09C01 ---
--- Processing P07T09C02 ---
[Init] Loading weights from pytorch-i3d/models/rgb_charades.pt
[Init] Found 1 video folders in /mnt/beegfsstudents/home/3199302/datasets/RGB/Videos_frames/batch_P07T09C02

[Run] Starting video P07T09C02 (1/1)
[Run] Video P07T09C02: 33457 frames -> 2091 segments (size 16)
[Run] Finished P07T09C02. Extracted 2091 tokens. Final saved shape: (2091, 1024)
[Cleanup] Successfully generated features. Cleaning up P07T09C02...
--- Finished P07T09C02 ---
--- Processing P07T10C01 ---
[2026-04-28T17:39:37.406] error: *** JOB 483859 ON gnode04 CANCELLED AT 2026-04-28T17:39:37 DUE to SIGNAL Terminated ***
