ERROR: Unable to locate a modulefile for 'slurm'
gnode02
/home/3199302/.conda/envs/cv_project/bin/python
MYID=3199302
CONDA_PREFIX=/home/3199302/.conda/envs/cv_project
PYTHONPATH=/mnt/beegfsstudents/home/3199302/ASO-Temba/mamba-1p1p1:
LD_LIBRARY_PATH=/home/3199302/.conda/envs/cv_project/lib:
Name: mamba-ssm
Version: 1.1.1
Summary: Mamba state-space model
Home-page: https://github.com/state-spaces/mamba
Author: Tri Dao, Albert Gu
Author-email: tri@tridao.me, agu@cs.cmu.edu
License: 
Location: /mnt/beegfsstudents/home/3199302/.conda/envs/cv_project/lib/python3.10/site-packages
Requires: causal-conv1d, einops, ninja, packaging, torch, transformers, triton
Required-by: 
======================
/home/3199302/.conda/envs/cv_project/lib/python3.10/site-packages/timm/models/registry.py:4: FutureWarning: Importing from timm.models.registry is deprecated, please import via timm.models
  warnings.warn(f"Importing from {__name__} is deprecated, please import via timm.models", FutureWarning)
/home/3199302/.conda/envs/cv_project/lib/python3.10/site-packages/timm/models/layers/__init__.py:49: FutureWarning: Importing from timm.models.layers is deprecated, please import via timm.layers
  warnings.warn(f"Importing from {__name__} is deprecated, please import via timm.layers", FutureWarning)
Random_SEED: 0
RGB mode /mnt/beegfsstudents/home/3199302/ASO-Temba/data/tsu_features_i3d
load data /mnt/beegfsstudents/home/3199302/ASO-Temba/data/tsu_features_i3d
split!!!! training
  0%|          | 0/536 [00:00<?, ?it/s] 93%|█████████▎| 501/536 [00:00<00:00, 4999.71it/s]100%|██████████| 536/536 [00:00<00:00, 4897.64it/s]
Traceback (most recent call last):
  File "/mnt/beegfsstudents/home/3199302/ASO-Temba/vim/MSTemba_main.py", line 567, in <module>
    dataloaders, datasets = load_data(train_split, test_split, rgb_root)
  File "/mnt/beegfsstudents/home/3199302/ASO-Temba/vim/MSTemba_main.py", line 130, in load_data
    dataloader = torch.utils.data.DataLoader(dataset, batch_size=batch_size, shuffle=True, num_workers=0,
  File "/home/3199302/.conda/envs/cv_project/lib/python3.10/site-packages/torch/utils/data/dataloader.py", line 349, in __init__
    sampler = RandomSampler(dataset, generator=generator)  # type: ignore[arg-type]
  File "/home/3199302/.conda/envs/cv_project/lib/python3.10/site-packages/torch/utils/data/sampler.py", line 140, in __init__
    raise ValueError(f"num_samples should be a positive integer value, but got num_samples={self.num_samples}")
ValueError: num_samples should be a positive integer value, but got num_samples=0
Training done.
