ERROR: Unable to locate a modulefile for 'slurm'
gnode04
/home/3199302/.conda/envs/cv_project/bin/python
MYID=3199302
CONDA_PREFIX=/home/3199302/.conda/envs/cv_project
PYTHONPATH=/mnt/beegfsstudents/home/3199302/ASO-Temba/mamba-1p1p1:
LD_LIBRARY_PATH=/home/3199302/.conda/envs/cv_project/lib:
Name: mamba-ssm
Version: 1.1.1
Summary: Mamba state-space model
Home-page: https://github.com/state-spaces/mamba
Author: Tri Dao, Albert Gu
Author-email: tri@tridao.me, agu@cs.cmu.edu
License: 
Location: /mnt/beegfsstudents/home/3199302/.conda/envs/cv_project/lib/python3.10/site-packages
Requires: causal-conv1d, einops, ninja, packaging, torch, transformers, triton
Required-by: 
======================
/home/3199302/.conda/envs/cv_project/lib/python3.10/site-packages/timm/models/registry.py:4: FutureWarning: Importing from timm.models.registry is deprecated, please import via timm.models
  warnings.warn(f"Importing from {__name__} is deprecated, please import via timm.models", FutureWarning)
/home/3199302/.conda/envs/cv_project/lib/python3.10/site-packages/timm/models/layers/__init__.py:49: FutureWarning: Importing from timm.models.layers is deprecated, please import via timm.layers
  warnings.warn(f"Importing from {__name__} is deprecated, please import via timm.layers", FutureWarning)
Random_SEED: 0
RGB mode /mnt/beegfsstudents/home/3199302/ASO-Temba/data/TSU/i3d_features
load data /mnt/beegfsstudents/home/3199302/ASO-Temba/data/TSU/i3d_features
split!!!! training
  0%|          | 0/536 [00:00<?, ?it/s]  1%|          | 3/536 [00:00<00:25, 21.28it/s]  1%|          | 3/536 [00:00<00:30, 17.65it/s]
Traceback (most recent call last):
  File "/mnt/beegfsstudents/home/3199302/ASO-Temba/vim/MSTemba_main.py", line 569, in <module>
    dataloaders, datasets = load_data(train_split, test_split, rgb_root)
  File "/mnt/beegfsstudents/home/3199302/ASO-Temba/vim/MSTemba_main.py", line 129, in load_data
    dataset = Dataset(train_split, 'training', root, batch_size, classes, int(args.num_clips), int(args.skip))
  File "/mnt/beegfsstudents/home/3199302/ASO-Temba/vim/charades_dataloader.py", line 72, in __init__
    self.data = make_dataset(split_file, split, root, classes)
  File "/mnt/beegfsstudents/home/3199302/ASO-Temba/vim/charades_dataloader.py", line 48, in make_dataset
    label[fr, ann[0]] = 1  # binary classification
IndexError: index 52 is out of bounds for axis 1 with size 51
