ERROR: Unable to locate a modulefile for 'slurm'
gnode04
/home/3199302/.conda/envs/mstemba/bin/python
MYID=3199302
[demo] --fast-preview: step=8+, max_display_frames=120, skip video
[demo] Device             : cuda:0
[demo] No video file found -> feature-only mode.
[demo] Loading checkpoint : /mnt/beegfsstudents/home/3199302/ASO-Temba/outputs/causal-tsu_i3d/best_model.pth
[WARNING] Missing keys:    ['fuser_q', 'fuser_k.weight', 'fuser_v.weight'] ...
[demo] Parameters         : 16,365,028
[demo] Dataset video  : P11T12C03  (1912 frames, 30593.0 s, 0.1 feat-fps)
[demo] Subsampled 1912 -> 120 frames for display
[demo] Inference mode     : offline causal batch (fast)
[demo] Inference done     : 5.11s
[demo] Playback           : 0.0 unique fps x 30824 repeat = 15 fps output  (1x real-time, step=8)
[demo] Building figure ...
[demo] Animation          : 15 frames  (dpi=80)
[demo] Renderer           : ffmpeg pipe (fast)
[demo] Rendering   0%  (0/15) ...[demo] Rendering   6%  (1/15) ...[demo] Rendering  13%  (2/15) ...[demo] Rendering  20%  (3/15) ...[demo] Rendering  26%  (4/15) ...[demo] Rendering  33%  (5/15) ...[demo] Rendering  40%  (6/15) ...[demo] Rendering  46%  (7/15) ...[demo] Rendering  53%  (8/15) ...[demo] Rendering  60%  (9/15) ...[demo] Rendering  66%  (10/15) ...[demo] Rendering  73%  (11/15) ...[demo] Rendering  80%  (12/15) ...[demo] Rendering  86%  (13/15) ...[demo] Rendering  93%  (14/15) ...[demo] Rendering done  (15 frames x30824 = 462360 output frames).
[demo] Saved  /mnt/beegfsstudents/home/3199302/ASO-Temba/visualization/visualization/demo_tsu.mp4  (83.7 MB, 1622.7s, 0.0 unique frames/s)
[demo] Done.
Demo MP4 saved.
